CRITICAL - 2021-01-18 13:45:50 --> Call to undefined method App\Controllers\CI_login::helpers()
#0 D:\laragon\www\PT_Covidetecteur\system\CodeIgniter.php(890): App\Controllers\CI_login->__construct()
#1 D:\laragon\www\PT_Covidetecteur\system\CodeIgniter.php(399): CodeIgniter\CodeIgniter->createController()
#2 D:\laragon\www\PT_Covidetecteur\system\CodeIgniter.php(312): CodeIgniter\CodeIgniter->handleRequest(NULL, Object(Config\Cache), false)
#3 D:\laragon\www\PT_Covidetecteur\public\index.php(45): CodeIgniter\CodeIgniter->run()
#4 {main}
CRITICAL - 2021-01-18 13:45:50 --> Call to undefined method App\Controllers\CI_login::helpers()
#0 D:\laragon\www\PT_Covidetecteur\system\CodeIgniter.php(890): App\Controllers\CI_login->__construct()
#1 D:\laragon\www\PT_Covidetecteur\system\CodeIgniter.php(399): CodeIgniter\CodeIgniter->createController()
#2 D:\laragon\www\PT_Covidetecteur\system\CodeIgniter.php(312): CodeIgniter\CodeIgniter->handleRequest(NULL, Object(Config\Cache), false)
#3 D:\laragon\www\PT_Covidetecteur\public\index.php(45): CodeIgniter\CodeIgniter->run()
#4 {main}
CRITICAL - 2021-01-18 13:45:52 --> Call to undefined method App\Controllers\CI_login::helpers()
#0 D:\laragon\www\PT_Covidetecteur\system\CodeIgniter.php(890): App\Controllers\CI_login->__construct()
#1 D:\laragon\www\PT_Covidetecteur\system\CodeIgniter.php(399): CodeIgniter\CodeIgniter->createController()
#2 D:\laragon\www\PT_Covidetecteur\system\CodeIgniter.php(312): CodeIgniter\CodeIgniter->handleRequest(NULL, Object(Config\Cache), false)
#3 D:\laragon\www\PT_Covidetecteur\public\index.php(45): CodeIgniter\CodeIgniter->run()
#4 {main}
CRITICAL - 2021-01-18 13:45:55 --> Call to undefined method App\Controllers\CI_login::helpers()
#0 D:\laragon\www\PT_Covidetecteur\system\CodeIgniter.php(890): App\Controllers\CI_login->__construct()
#1 D:\laragon\www\PT_Covidetecteur\system\CodeIgniter.php(399): CodeIgniter\CodeIgniter->createController()
#2 D:\laragon\www\PT_Covidetecteur\system\CodeIgniter.php(312): CodeIgniter\CodeIgniter->handleRequest(NULL, Object(Config\Cache), false)
#3 D:\laragon\www\PT_Covidetecteur\public\index.php(45): CodeIgniter\CodeIgniter->run()
#4 {main}
CRITICAL - 2021-01-18 13:46:06 --> Call to undefined method App\Controllers\CI_login::helpers()
#0 D:\laragon\www\PT_Covidetecteur\system\CodeIgniter.php(890): App\Controllers\CI_login->__construct()
#1 D:\laragon\www\PT_Covidetecteur\system\CodeIgniter.php(399): CodeIgniter\CodeIgniter->createController()
#2 D:\laragon\www\PT_Covidetecteur\system\CodeIgniter.php(312): CodeIgniter\CodeIgniter->handleRequest(NULL, Object(Config\Cache), false)
#3 D:\laragon\www\PT_Covidetecteur\public\index.php(45): CodeIgniter\CodeIgniter->run()
#4 {main}
CRITICAL - 2021-01-18 13:46:06 --> Call to undefined method App\Controllers\CI_login::helpers()
#0 D:\laragon\www\PT_Covidetecteur\system\CodeIgniter.php(890): App\Controllers\CI_login->__construct()
#1 D:\laragon\www\PT_Covidetecteur\system\CodeIgniter.php(399): CodeIgniter\CodeIgniter->createController()
#2 D:\laragon\www\PT_Covidetecteur\system\CodeIgniter.php(312): CodeIgniter\CodeIgniter->handleRequest(NULL, Object(Config\Cache), false)
#3 D:\laragon\www\PT_Covidetecteur\public\index.php(45): CodeIgniter\CodeIgniter->run()
#4 {main}
CRITICAL - 2021-01-18 13:46:06 --> Call to undefined method App\Controllers\CI_login::helpers()
#0 D:\laragon\www\PT_Covidetecteur\system\CodeIgniter.php(890): App\Controllers\CI_login->__construct()
#1 D:\laragon\www\PT_Covidetecteur\system\CodeIgniter.php(399): CodeIgniter\CodeIgniter->createController()
#2 D:\laragon\www\PT_Covidetecteur\system\CodeIgniter.php(312): CodeIgniter\CodeIgniter->handleRequest(NULL, Object(Config\Cache), false)
#3 D:\laragon\www\PT_Covidetecteur\public\index.php(45): CodeIgniter\CodeIgniter->run()
#4 {main}
CRITICAL - 2021-01-18 13:46:07 --> Call to undefined method App\Controllers\CI_login::helpers()
#0 D:\laragon\www\PT_Covidetecteur\system\CodeIgniter.php(890): App\Controllers\CI_login->__construct()
#1 D:\laragon\www\PT_Covidetecteur\system\CodeIgniter.php(399): CodeIgniter\CodeIgniter->createController()
#2 D:\laragon\www\PT_Covidetecteur\system\CodeIgniter.php(312): CodeIgniter\CodeIgniter->handleRequest(NULL, Object(Config\Cache), false)
#3 D:\laragon\www\PT_Covidetecteur\public\index.php(45): CodeIgniter\CodeIgniter->run()
#4 {main}
CRITICAL - 2021-01-18 13:46:13 --> Call to undefined method App\Controllers\CI_login::helpers()
#0 D:\laragon\www\PT_Covidetecteur\system\CodeIgniter.php(890): App\Controllers\CI_login->__construct()
#1 D:\laragon\www\PT_Covidetecteur\system\CodeIgniter.php(399): CodeIgniter\CodeIgniter->createController()
#2 D:\laragon\www\PT_Covidetecteur\system\CodeIgniter.php(312): CodeIgniter\CodeIgniter->handleRequest(NULL, Object(Config\Cache), false)
#3 D:\laragon\www\PT_Covidetecteur\public\index.php(45): CodeIgniter\CodeIgniter->run()
#4 {main}
CRITICAL - 2021-01-18 13:47:02 --> Call to undefined function img()
#0 D:\laragon\www\PT_Covidetecteur\system\View\View.php(246): include()
#1 D:\laragon\www\PT_Covidetecteur\system\Common.php(1119): CodeIgniter\View\View->render('CI_View_Covidet...', Array, true)
#2 D:\laragon\www\PT_Covidetecteur\app\Controllers\CI_MainMenu.php(10): view('CI_View_Covidet...')
#3 D:\laragon\www\PT_Covidetecteur\system\CodeIgniter.php(918): App\Controllers\CI_MainMenu->index()
#4 D:\laragon\www\PT_Covidetecteur\system\CodeIgniter.php(404): CodeIgniter\CodeIgniter->runController(Object(App\Controllers\CI_MainMenu))
#5 D:\laragon\www\PT_Covidetecteur\system\CodeIgniter.php(312): CodeIgniter\CodeIgniter->handleRequest(NULL, Object(Config\Cache), false)
#6 D:\laragon\www\PT_Covidetecteur\public\index.php(45): CodeIgniter\CodeIgniter->run()
#7 {main}
CRITICAL - 2021-01-18 13:47:03 --> Call to undefined function img()
#0 D:\laragon\www\PT_Covidetecteur\system\View\View.php(246): include()
#1 D:\laragon\www\PT_Covidetecteur\system\Common.php(1119): CodeIgniter\View\View->render('CI_View_Covidet...', Array, true)
#2 D:\laragon\www\PT_Covidetecteur\app\Controllers\CI_MainMenu.php(10): view('CI_View_Covidet...')
#3 D:\laragon\www\PT_Covidetecteur\system\CodeIgniter.php(918): App\Controllers\CI_MainMenu->index()
#4 D:\laragon\www\PT_Covidetecteur\system\CodeIgniter.php(404): CodeIgniter\CodeIgniter->runController(Object(App\Controllers\CI_MainMenu))
#5 D:\laragon\www\PT_Covidetecteur\system\CodeIgniter.php(312): CodeIgniter\CodeIgniter->handleRequest(NULL, Object(Config\Cache), false)
#6 D:\laragon\www\PT_Covidetecteur\public\index.php(45): CodeIgniter\CodeIgniter->run()
#7 {main}
CRITICAL - 2021-01-18 13:47:03 --> Call to undefined function img()
#0 D:\laragon\www\PT_Covidetecteur\system\View\View.php(246): include()
#1 D:\laragon\www\PT_Covidetecteur\system\Common.php(1119): CodeIgniter\View\View->render('CI_View_Covidet...', Array, true)
#2 D:\laragon\www\PT_Covidetecteur\app\Controllers\CI_MainMenu.php(10): view('CI_View_Covidet...')
#3 D:\laragon\www\PT_Covidetecteur\system\CodeIgniter.php(918): App\Controllers\CI_MainMenu->index()
#4 D:\laragon\www\PT_Covidetecteur\system\CodeIgniter.php(404): CodeIgniter\CodeIgniter->runController(Object(App\Controllers\CI_MainMenu))
#5 D:\laragon\www\PT_Covidetecteur\system\CodeIgniter.php(312): CodeIgniter\CodeIgniter->handleRequest(NULL, Object(Config\Cache), false)
#6 D:\laragon\www\PT_Covidetecteur\public\index.php(45): CodeIgniter\CodeIgniter->run()
#7 {main}
CRITICAL - 2021-01-18 13:47:03 --> Call to undefined function img()
#0 D:\laragon\www\PT_Covidetecteur\system\View\View.php(246): include()
#1 D:\laragon\www\PT_Covidetecteur\system\Common.php(1119): CodeIgniter\View\View->render('CI_View_Covidet...', Array, true)
#2 D:\laragon\www\PT_Covidetecteur\app\Controllers\CI_MainMenu.php(10): view('CI_View_Covidet...')
#3 D:\laragon\www\PT_Covidetecteur\system\CodeIgniter.php(918): App\Controllers\CI_MainMenu->index()
#4 D:\laragon\www\PT_Covidetecteur\system\CodeIgniter.php(404): CodeIgniter\CodeIgniter->runController(Object(App\Controllers\CI_MainMenu))
#5 D:\laragon\www\PT_Covidetecteur\system\CodeIgniter.php(312): CodeIgniter\CodeIgniter->handleRequest(NULL, Object(Config\Cache), false)
#6 D:\laragon\www\PT_Covidetecteur\public\index.php(45): CodeIgniter\CodeIgniter->run()
#7 {main}
CRITICAL - 2021-01-18 13:48:07 --> Call to undefined function img()
#0 D:\laragon\www\PT_Covidetecteur\system\View\View.php(246): include()
#1 D:\laragon\www\PT_Covidetecteur\system\Common.php(1119): CodeIgniter\View\View->render('CI_View_Covidet...', Array, true)
#2 D:\laragon\www\PT_Covidetecteur\app\Controllers\CI_MainMenu.php(10): view('CI_View_Covidet...')
#3 D:\laragon\www\PT_Covidetecteur\system\CodeIgniter.php(918): App\Controllers\CI_MainMenu->index()
#4 D:\laragon\www\PT_Covidetecteur\system\CodeIgniter.php(404): CodeIgniter\CodeIgniter->runController(Object(App\Controllers\CI_MainMenu))
#5 D:\laragon\www\PT_Covidetecteur\system\CodeIgniter.php(312): CodeIgniter\CodeIgniter->handleRequest(NULL, Object(Config\Cache), false)
#6 D:\laragon\www\PT_Covidetecteur\public\index.php(45): CodeIgniter\CodeIgniter->run()
#7 {main}
CRITICAL - 2021-01-18 13:48:07 --> Call to undefined function img()
#0 D:\laragon\www\PT_Covidetecteur\system\View\View.php(246): include()
#1 D:\laragon\www\PT_Covidetecteur\system\Common.php(1119): CodeIgniter\View\View->render('CI_View_Covidet...', Array, true)
#2 D:\laragon\www\PT_Covidetecteur\app\Controllers\CI_MainMenu.php(10): view('CI_View_Covidet...')
#3 D:\laragon\www\PT_Covidetecteur\system\CodeIgniter.php(918): App\Controllers\CI_MainMenu->index()
#4 D:\laragon\www\PT_Covidetecteur\system\CodeIgniter.php(404): CodeIgniter\CodeIgniter->runController(Object(App\Controllers\CI_MainMenu))
#5 D:\laragon\www\PT_Covidetecteur\system\CodeIgniter.php(312): CodeIgniter\CodeIgniter->handleRequest(NULL, Object(Config\Cache), false)
#6 D:\laragon\www\PT_Covidetecteur\public\index.php(45): CodeIgniter\CodeIgniter->run()
#7 {main}
CRITICAL - 2021-01-18 13:48:07 --> Call to undefined function img()
#0 D:\laragon\www\PT_Covidetecteur\system\View\View.php(246): include()
#1 D:\laragon\www\PT_Covidetecteur\system\Common.php(1119): CodeIgniter\View\View->render('CI_View_Covidet...', Array, true)
#2 D:\laragon\www\PT_Covidetecteur\app\Controllers\CI_MainMenu.php(10): view('CI_View_Covidet...')
#3 D:\laragon\www\PT_Covidetecteur\system\CodeIgniter.php(918): App\Controllers\CI_MainMenu->index()
#4 D:\laragon\www\PT_Covidetecteur\system\CodeIgniter.php(404): CodeIgniter\CodeIgniter->runController(Object(App\Controllers\CI_MainMenu))
#5 D:\laragon\www\PT_Covidetecteur\system\CodeIgniter.php(312): CodeIgniter\CodeIgniter->handleRequest(NULL, Object(Config\Cache), false)
#6 D:\laragon\www\PT_Covidetecteur\public\index.php(45): CodeIgniter\CodeIgniter->run()
#7 {main}
CRITICAL - 2021-01-18 13:48:07 --> Call to undefined function img()
#0 D:\laragon\www\PT_Covidetecteur\system\View\View.php(246): include()
#1 D:\laragon\www\PT_Covidetecteur\system\Common.php(1119): CodeIgniter\View\View->render('CI_View_Covidet...', Array, true)
#2 D:\laragon\www\PT_Covidetecteur\app\Controllers\CI_MainMenu.php(10): view('CI_View_Covidet...')
#3 D:\laragon\www\PT_Covidetecteur\system\CodeIgniter.php(918): App\Controllers\CI_MainMenu->index()
#4 D:\laragon\www\PT_Covidetecteur\system\CodeIgniter.php(404): CodeIgniter\CodeIgniter->runController(Object(App\Controllers\CI_MainMenu))
#5 D:\laragon\www\PT_Covidetecteur\system\CodeIgniter.php(312): CodeIgniter\CodeIgniter->handleRequest(NULL, Object(Config\Cache), false)
#6 D:\laragon\www\PT_Covidetecteur\public\index.php(45): CodeIgniter\CodeIgniter->run()
#7 {main}
CRITICAL - 2021-01-18 13:48:08 --> Call to undefined function img()
#0 D:\laragon\www\PT_Covidetecteur\system\View\View.php(246): include()
#1 D:\laragon\www\PT_Covidetecteur\system\Common.php(1119): CodeIgniter\View\View->render('CI_View_Covidet...', Array, true)
#2 D:\laragon\www\PT_Covidetecteur\app\Controllers\CI_MainMenu.php(10): view('CI_View_Covidet...')
#3 D:\laragon\www\PT_Covidetecteur\system\CodeIgniter.php(918): App\Controllers\CI_MainMenu->index()
#4 D:\laragon\www\PT_Covidetecteur\system\CodeIgniter.php(404): CodeIgniter\CodeIgniter->runController(Object(App\Controllers\CI_MainMenu))
#5 D:\laragon\www\PT_Covidetecteur\system\CodeIgniter.php(312): CodeIgniter\CodeIgniter->handleRequest(NULL, Object(Config\Cache), false)
#6 D:\laragon\www\PT_Covidetecteur\public\index.php(45): CodeIgniter\CodeIgniter->run()
#7 {main}
CRITICAL - 2021-01-18 13:48:10 --> Call to undefined function img()
#0 D:\laragon\www\PT_Covidetecteur\system\View\View.php(246): include()
#1 D:\laragon\www\PT_Covidetecteur\system\Common.php(1119): CodeIgniter\View\View->render('CI_View_Covidet...', Array, true)
#2 D:\laragon\www\PT_Covidetecteur\app\Controllers\CI_MainMenu.php(10): view('CI_View_Covidet...')
#3 D:\laragon\www\PT_Covidetecteur\system\CodeIgniter.php(918): App\Controllers\CI_MainMenu->index()
#4 D:\laragon\www\PT_Covidetecteur\system\CodeIgniter.php(404): CodeIgniter\CodeIgniter->runController(Object(App\Controllers\CI_MainMenu))
#5 D:\laragon\www\PT_Covidetecteur\system\CodeIgniter.php(312): CodeIgniter\CodeIgniter->handleRequest(NULL, Object(Config\Cache), false)
#6 D:\laragon\www\PT_Covidetecteur\public\index.php(45): CodeIgniter\CodeIgniter->run()
#7 {main}
CRITICAL - 2021-01-18 13:48:10 --> Call to undefined function img()
#0 D:\laragon\www\PT_Covidetecteur\system\View\View.php(246): include()
#1 D:\laragon\www\PT_Covidetecteur\system\Common.php(1119): CodeIgniter\View\View->render('CI_View_Covidet...', Array, true)
#2 D:\laragon\www\PT_Covidetecteur\app\Controllers\CI_MainMenu.php(10): view('CI_View_Covidet...')
#3 D:\laragon\www\PT_Covidetecteur\system\CodeIgniter.php(918): App\Controllers\CI_MainMenu->index()
#4 D:\laragon\www\PT_Covidetecteur\system\CodeIgniter.php(404): CodeIgniter\CodeIgniter->runController(Object(App\Controllers\CI_MainMenu))
#5 D:\laragon\www\PT_Covidetecteur\system\CodeIgniter.php(312): CodeIgniter\CodeIgniter->handleRequest(NULL, Object(Config\Cache), false)
#6 D:\laragon\www\PT_Covidetecteur\public\index.php(45): CodeIgniter\CodeIgniter->run()
#7 {main}
CRITICAL - 2021-01-18 13:48:11 --> Call to undefined function img()
#0 D:\laragon\www\PT_Covidetecteur\system\View\View.php(246): include()
#1 D:\laragon\www\PT_Covidetecteur\system\Common.php(1119): CodeIgniter\View\View->render('CI_View_Covidet...', Array, true)
#2 D:\laragon\www\PT_Covidetecteur\app\Controllers\CI_MainMenu.php(10): view('CI_View_Covidet...')
#3 D:\laragon\www\PT_Covidetecteur\system\CodeIgniter.php(918): App\Controllers\CI_MainMenu->index()
#4 D:\laragon\www\PT_Covidetecteur\system\CodeIgniter.php(404): CodeIgniter\CodeIgniter->runController(Object(App\Controllers\CI_MainMenu))
#5 D:\laragon\www\PT_Covidetecteur\system\CodeIgniter.php(312): CodeIgniter\CodeIgniter->handleRequest(NULL, Object(Config\Cache), false)
#6 D:\laragon\www\PT_Covidetecteur\public\index.php(45): CodeIgniter\CodeIgniter->run()
#7 {main}
CRITICAL - 2021-01-18 13:48:11 --> Call to undefined function img()
#0 D:\laragon\www\PT_Covidetecteur\system\View\View.php(246): include()
#1 D:\laragon\www\PT_Covidetecteur\system\Common.php(1119): CodeIgniter\View\View->render('CI_View_Covidet...', Array, true)
#2 D:\laragon\www\PT_Covidetecteur\app\Controllers\CI_MainMenu.php(10): view('CI_View_Covidet...')
#3 D:\laragon\www\PT_Covidetecteur\system\CodeIgniter.php(918): App\Controllers\CI_MainMenu->index()
#4 D:\laragon\www\PT_Covidetecteur\system\CodeIgniter.php(404): CodeIgniter\CodeIgniter->runController(Object(App\Controllers\CI_MainMenu))
#5 D:\laragon\www\PT_Covidetecteur\system\CodeIgniter.php(312): CodeIgniter\CodeIgniter->handleRequest(NULL, Object(Config\Cache), false)
#6 D:\laragon\www\PT_Covidetecteur\public\index.php(45): CodeIgniter\CodeIgniter->run()
#7 {main}
CRITICAL - 2021-01-18 13:48:11 --> Call to undefined function img()
#0 D:\laragon\www\PT_Covidetecteur\system\View\View.php(246): include()
#1 D:\laragon\www\PT_Covidetecteur\system\Common.php(1119): CodeIgniter\View\View->render('CI_View_Covidet...', Array, true)
#2 D:\laragon\www\PT_Covidetecteur\app\Controllers\CI_MainMenu.php(10): view('CI_View_Covidet...')
#3 D:\laragon\www\PT_Covidetecteur\system\CodeIgniter.php(918): App\Controllers\CI_MainMenu->index()
#4 D:\laragon\www\PT_Covidetecteur\system\CodeIgniter.php(404): CodeIgniter\CodeIgniter->runController(Object(App\Controllers\CI_MainMenu))
#5 D:\laragon\www\PT_Covidetecteur\system\CodeIgniter.php(312): CodeIgniter\CodeIgniter->handleRequest(NULL, Object(Config\Cache), false)
#6 D:\laragon\www\PT_Covidetecteur\public\index.php(45): CodeIgniter\CodeIgniter->run()
#7 {main}
CRITICAL - 2021-01-18 13:48:11 --> Call to undefined function img()
#0 D:\laragon\www\PT_Covidetecteur\system\View\View.php(246): include()
#1 D:\laragon\www\PT_Covidetecteur\system\Common.php(1119): CodeIgniter\View\View->render('CI_View_Covidet...', Array, true)
#2 D:\laragon\www\PT_Covidetecteur\app\Controllers\CI_MainMenu.php(10): view('CI_View_Covidet...')
#3 D:\laragon\www\PT_Covidetecteur\system\CodeIgniter.php(918): App\Controllers\CI_MainMenu->index()
#4 D:\laragon\www\PT_Covidetecteur\system\CodeIgniter.php(404): CodeIgniter\CodeIgniter->runController(Object(App\Controllers\CI_MainMenu))
#5 D:\laragon\www\PT_Covidetecteur\system\CodeIgniter.php(312): CodeIgniter\CodeIgniter->handleRequest(NULL, Object(Config\Cache), false)
#6 D:\laragon\www\PT_Covidetecteur\public\index.php(45): CodeIgniter\CodeIgniter->run()
#7 {main}
CRITICAL - 2021-01-18 13:48:11 --> Call to undefined function img()
#0 D:\laragon\www\PT_Covidetecteur\system\View\View.php(246): include()
#1 D:\laragon\www\PT_Covidetecteur\system\Common.php(1119): CodeIgniter\View\View->render('CI_View_Covidet...', Array, true)
#2 D:\laragon\www\PT_Covidetecteur\app\Controllers\CI_MainMenu.php(10): view('CI_View_Covidet...')
#3 D:\laragon\www\PT_Covidetecteur\system\CodeIgniter.php(918): App\Controllers\CI_MainMenu->index()
#4 D:\laragon\www\PT_Covidetecteur\system\CodeIgniter.php(404): CodeIgniter\CodeIgniter->runController(Object(App\Controllers\CI_MainMenu))
#5 D:\laragon\www\PT_Covidetecteur\system\CodeIgniter.php(312): CodeIgniter\CodeIgniter->handleRequest(NULL, Object(Config\Cache), false)
#6 D:\laragon\www\PT_Covidetecteur\public\index.php(45): CodeIgniter\CodeIgniter->run()
#7 {main}
CRITICAL - 2021-01-18 13:48:18 --> Call to undefined function img()
#0 D:\laragon\www\PT_Covidetecteur\system\View\View.php(246): include()
#1 D:\laragon\www\PT_Covidetecteur\system\Common.php(1119): CodeIgniter\View\View->render('CI_View_Covidet...', Array, true)
#2 D:\laragon\www\PT_Covidetecteur\app\Controllers\CI_MainMenu.php(11): view('CI_View_Covidet...')
#3 D:\laragon\www\PT_Covidetecteur\system\CodeIgniter.php(918): App\Controllers\CI_MainMenu->index()
#4 D:\laragon\www\PT_Covidetecteur\system\CodeIgniter.php(404): CodeIgniter\CodeIgniter->runController(Object(App\Controllers\CI_MainMenu))
#5 D:\laragon\www\PT_Covidetecteur\system\CodeIgniter.php(312): CodeIgniter\CodeIgniter->handleRequest(NULL, Object(Config\Cache), false)
#6 D:\laragon\www\PT_Covidetecteur\public\index.php(45): CodeIgniter\CodeIgniter->run()
#7 {main}
CRITICAL - 2021-01-18 13:48:18 --> Call to undefined function img()
#0 D:\laragon\www\PT_Covidetecteur\system\View\View.php(246): include()
#1 D:\laragon\www\PT_Covidetecteur\system\Common.php(1119): CodeIgniter\View\View->render('CI_View_Covidet...', Array, true)
#2 D:\laragon\www\PT_Covidetecteur\app\Controllers\CI_MainMenu.php(11): view('CI_View_Covidet...')
#3 D:\laragon\www\PT_Covidetecteur\system\CodeIgniter.php(918): App\Controllers\CI_MainMenu->index()
#4 D:\laragon\www\PT_Covidetecteur\system\CodeIgniter.php(404): CodeIgniter\CodeIgniter->runController(Object(App\Controllers\CI_MainMenu))
#5 D:\laragon\www\PT_Covidetecteur\system\CodeIgniter.php(312): CodeIgniter\CodeIgniter->handleRequest(NULL, Object(Config\Cache), false)
#6 D:\laragon\www\PT_Covidetecteur\public\index.php(45): CodeIgniter\CodeIgniter->run()
#7 {main}
CRITICAL - 2021-01-18 13:48:18 --> Call to undefined function img()
#0 D:\laragon\www\PT_Covidetecteur\system\View\View.php(246): include()
#1 D:\laragon\www\PT_Covidetecteur\system\Common.php(1119): CodeIgniter\View\View->render('CI_View_Covidet...', Array, true)
#2 D:\laragon\www\PT_Covidetecteur\app\Controllers\CI_MainMenu.php(11): view('CI_View_Covidet...')
#3 D:\laragon\www\PT_Covidetecteur\system\CodeIgniter.php(918): App\Controllers\CI_MainMenu->index()
#4 D:\laragon\www\PT_Covidetecteur\system\CodeIgniter.php(404): CodeIgniter\CodeIgniter->runController(Object(App\Controllers\CI_MainMenu))
#5 D:\laragon\www\PT_Covidetecteur\system\CodeIgniter.php(312): CodeIgniter\CodeIgniter->handleRequest(NULL, Object(Config\Cache), false)
#6 D:\laragon\www\PT_Covidetecteur\public\index.php(45): CodeIgniter\CodeIgniter->run()
#7 {main}
CRITICAL - 2021-01-18 13:48:19 --> Call to undefined function img()
#0 D:\laragon\www\PT_Covidetecteur\system\View\View.php(246): include()
#1 D:\laragon\www\PT_Covidetecteur\system\Common.php(1119): CodeIgniter\View\View->render('CI_View_Covidet...', Array, true)
#2 D:\laragon\www\PT_Covidetecteur\app\Controllers\CI_MainMenu.php(11): view('CI_View_Covidet...')
#3 D:\laragon\www\PT_Covidetecteur\system\CodeIgniter.php(918): App\Controllers\CI_MainMenu->index()
#4 D:\laragon\www\PT_Covidetecteur\system\CodeIgniter.php(404): CodeIgniter\CodeIgniter->runController(Object(App\Controllers\CI_MainMenu))
#5 D:\laragon\www\PT_Covidetecteur\system\CodeIgniter.php(312): CodeIgniter\CodeIgniter->handleRequest(NULL, Object(Config\Cache), false)
#6 D:\laragon\www\PT_Covidetecteur\public\index.php(45): CodeIgniter\CodeIgniter->run()
#7 {main}
CRITICAL - 2021-01-18 13:48:19 --> Call to undefined function img()
#0 D:\laragon\www\PT_Covidetecteur\system\View\View.php(246): include()
#1 D:\laragon\www\PT_Covidetecteur\system\Common.php(1119): CodeIgniter\View\View->render('CI_View_Covidet...', Array, true)
#2 D:\laragon\www\PT_Covidetecteur\app\Controllers\CI_MainMenu.php(11): view('CI_View_Covidet...')
#3 D:\laragon\www\PT_Covidetecteur\system\CodeIgniter.php(918): App\Controllers\CI_MainMenu->index()
#4 D:\laragon\www\PT_Covidetecteur\system\CodeIgniter.php(404): CodeIgniter\CodeIgniter->runController(Object(App\Controllers\CI_MainMenu))
#5 D:\laragon\www\PT_Covidetecteur\system\CodeIgniter.php(312): CodeIgniter\CodeIgniter->handleRequest(NULL, Object(Config\Cache), false)
#6 D:\laragon\www\PT_Covidetecteur\public\index.php(45): CodeIgniter\CodeIgniter->run()
#7 {main}
CRITICAL - 2021-01-18 13:49:29 --> Call to undefined function img()
#0 D:\laragon\www\PT_Covidetecteur\system\View\View.php(246): include()
#1 D:\laragon\www\PT_Covidetecteur\system\Common.php(1119): CodeIgniter\View\View->render('CI_View_Covidet...', Array, true)
#2 D:\laragon\www\PT_Covidetecteur\app\Controllers\CI_MainMenu.php(11): view('CI_View_Covidet...')
#3 D:\laragon\www\PT_Covidetecteur\system\CodeIgniter.php(918): App\Controllers\CI_MainMenu->index()
#4 D:\laragon\www\PT_Covidetecteur\system\CodeIgniter.php(404): CodeIgniter\CodeIgniter->runController(Object(App\Controllers\CI_MainMenu))
#5 D:\laragon\www\PT_Covidetecteur\system\CodeIgniter.php(312): CodeIgniter\CodeIgniter->handleRequest(NULL, Object(Config\Cache), false)
#6 D:\laragon\www\PT_Covidetecteur\public\index.php(45): CodeIgniter\CodeIgniter->run()
#7 {main}
CRITICAL - 2021-01-18 13:49:30 --> Call to undefined function img()
#0 D:\laragon\www\PT_Covidetecteur\system\View\View.php(246): include()
#1 D:\laragon\www\PT_Covidetecteur\system\Common.php(1119): CodeIgniter\View\View->render('CI_View_Covidet...', Array, true)
#2 D:\laragon\www\PT_Covidetecteur\app\Controllers\CI_MainMenu.php(11): view('CI_View_Covidet...')
#3 D:\laragon\www\PT_Covidetecteur\system\CodeIgniter.php(918): App\Controllers\CI_MainMenu->index()
#4 D:\laragon\www\PT_Covidetecteur\system\CodeIgniter.php(404): CodeIgniter\CodeIgniter->runController(Object(App\Controllers\CI_MainMenu))
#5 D:\laragon\www\PT_Covidetecteur\system\CodeIgniter.php(312): CodeIgniter\CodeIgniter->handleRequest(NULL, Object(Config\Cache), false)
#6 D:\laragon\www\PT_Covidetecteur\public\index.php(45): CodeIgniter\CodeIgniter->run()
#7 {main}
CRITICAL - 2021-01-18 13:49:30 --> Call to undefined function img()
#0 D:\laragon\www\PT_Covidetecteur\system\View\View.php(246): include()
#1 D:\laragon\www\PT_Covidetecteur\system\Common.php(1119): CodeIgniter\View\View->render('CI_View_Covidet...', Array, true)
#2 D:\laragon\www\PT_Covidetecteur\app\Controllers\CI_MainMenu.php(11): view('CI_View_Covidet...')
#3 D:\laragon\www\PT_Covidetecteur\system\CodeIgniter.php(918): App\Controllers\CI_MainMenu->index()
#4 D:\laragon\www\PT_Covidetecteur\system\CodeIgniter.php(404): CodeIgniter\CodeIgniter->runController(Object(App\Controllers\CI_MainMenu))
#5 D:\laragon\www\PT_Covidetecteur\system\CodeIgniter.php(312): CodeIgniter\CodeIgniter->handleRequest(NULL, Object(Config\Cache), false)
#6 D:\laragon\www\PT_Covidetecteur\public\index.php(45): CodeIgniter\CodeIgniter->run()
#7 {main}
CRITICAL - 2021-01-18 13:49:30 --> Call to undefined function img()
#0 D:\laragon\www\PT_Covidetecteur\system\View\View.php(246): include()
#1 D:\laragon\www\PT_Covidetecteur\system\Common.php(1119): CodeIgniter\View\View->render('CI_View_Covidet...', Array, true)
#2 D:\laragon\www\PT_Covidetecteur\app\Controllers\CI_MainMenu.php(11): view('CI_View_Covidet...')
#3 D:\laragon\www\PT_Covidetecteur\system\CodeIgniter.php(918): App\Controllers\CI_MainMenu->index()
#4 D:\laragon\www\PT_Covidetecteur\system\CodeIgniter.php(404): CodeIgniter\CodeIgniter->runController(Object(App\Controllers\CI_MainMenu))
#5 D:\laragon\www\PT_Covidetecteur\system\CodeIgniter.php(312): CodeIgniter\CodeIgniter->handleRequest(NULL, Object(Config\Cache), false)
#6 D:\laragon\www\PT_Covidetecteur\public\index.php(45): CodeIgniter\CodeIgniter->run()
#7 {main}
CRITICAL - 2021-01-18 13:50:51 --> Call to undefined function img()
#0 D:\laragon\www\PT_Covidetecteur\system\View\View.php(246): include()
#1 D:\laragon\www\PT_Covidetecteur\system\Common.php(1119): CodeIgniter\View\View->render('CI_View_Covidet...', Array, true)
#2 D:\laragon\www\PT_Covidetecteur\app\Controllers\CI_MainMenu.php(11): view('CI_View_Covidet...')
#3 D:\laragon\www\PT_Covidetecteur\system\CodeIgniter.php(918): App\Controllers\CI_MainMenu->index()
#4 D:\laragon\www\PT_Covidetecteur\system\CodeIgniter.php(404): CodeIgniter\CodeIgniter->runController(Object(App\Controllers\CI_MainMenu))
#5 D:\laragon\www\PT_Covidetecteur\system\CodeIgniter.php(312): CodeIgniter\CodeIgniter->handleRequest(NULL, Object(Config\Cache), false)
#6 D:\laragon\www\PT_Covidetecteur\public\index.php(45): CodeIgniter\CodeIgniter->run()
#7 {main}
CRITICAL - 2021-01-18 13:51:32 --> Call to undefined function img()
#0 D:\laragon\www\PT_Covidetecteur\system\View\View.php(246): include()
#1 D:\laragon\www\PT_Covidetecteur\system\Common.php(1119): CodeIgniter\View\View->render('CI_View_Covidet...', Array, true)
#2 D:\laragon\www\PT_Covidetecteur\app\Controllers\CI_MainMenu.php(11): view('CI_View_Covidet...')
#3 D:\laragon\www\PT_Covidetecteur\system\CodeIgniter.php(918): App\Controllers\CI_MainMenu->index()
#4 D:\laragon\www\PT_Covidetecteur\system\CodeIgniter.php(404): CodeIgniter\CodeIgniter->runController(Object(App\Controllers\CI_MainMenu))
#5 D:\laragon\www\PT_Covidetecteur\system\CodeIgniter.php(312): CodeIgniter\CodeIgniter->handleRequest(NULL, Object(Config\Cache), false)
#6 D:\laragon\www\PT_Covidetecteur\public\index.php(45): CodeIgniter\CodeIgniter->run()
#7 {main}
CRITICAL - 2021-01-18 13:52:02 --> Call to undefined function img()
#0 D:\laragon\www\PT_Covidetecteur\system\View\View.php(246): include()
#1 D:\laragon\www\PT_Covidetecteur\system\Common.php(1119): CodeIgniter\View\View->render('CI_View_Covidet...', Array, true)
#2 D:\laragon\www\PT_Covidetecteur\app\Controllers\CI_MainMenu.php(11): view('CI_View_Covidet...')
#3 D:\laragon\www\PT_Covidetecteur\system\CodeIgniter.php(918): App\Controllers\CI_MainMenu->index()
#4 D:\laragon\www\PT_Covidetecteur\system\CodeIgniter.php(404): CodeIgniter\CodeIgniter->runController(Object(App\Controllers\CI_MainMenu))
#5 D:\laragon\www\PT_Covidetecteur\system\CodeIgniter.php(312): CodeIgniter\CodeIgniter->handleRequest(NULL, Object(Config\Cache), false)
#6 D:\laragon\www\PT_Covidetecteur\public\index.php(45): CodeIgniter\CodeIgniter->run()
#7 {main}
CRITICAL - 2021-01-18 13:52:02 --> Call to undefined function img()
#0 D:\laragon\www\PT_Covidetecteur\system\View\View.php(246): include()
#1 D:\laragon\www\PT_Covidetecteur\system\Common.php(1119): CodeIgniter\View\View->render('CI_View_Covidet...', Array, true)
#2 D:\laragon\www\PT_Covidetecteur\app\Controllers\CI_MainMenu.php(11): view('CI_View_Covidet...')
#3 D:\laragon\www\PT_Covidetecteur\system\CodeIgniter.php(918): App\Controllers\CI_MainMenu->index()
#4 D:\laragon\www\PT_Covidetecteur\system\CodeIgniter.php(404): CodeIgniter\CodeIgniter->runController(Object(App\Controllers\CI_MainMenu))
#5 D:\laragon\www\PT_Covidetecteur\system\CodeIgniter.php(312): CodeIgniter\CodeIgniter->handleRequest(NULL, Object(Config\Cache), false)
#6 D:\laragon\www\PT_Covidetecteur\public\index.php(45): CodeIgniter\CodeIgniter->run()
#7 {main}
CRITICAL - 2021-01-18 13:52:02 --> Call to undefined function img()
#0 D:\laragon\www\PT_Covidetecteur\system\View\View.php(246): include()
#1 D:\laragon\www\PT_Covidetecteur\system\Common.php(1119): CodeIgniter\View\View->render('CI_View_Covidet...', Array, true)
#2 D:\laragon\www\PT_Covidetecteur\app\Controllers\CI_MainMenu.php(11): view('CI_View_Covidet...')
#3 D:\laragon\www\PT_Covidetecteur\system\CodeIgniter.php(918): App\Controllers\CI_MainMenu->index()
#4 D:\laragon\www\PT_Covidetecteur\system\CodeIgniter.php(404): CodeIgniter\CodeIgniter->runController(Object(App\Controllers\CI_MainMenu))
#5 D:\laragon\www\PT_Covidetecteur\system\CodeIgniter.php(312): CodeIgniter\CodeIgniter->handleRequest(NULL, Object(Config\Cache), false)
#6 D:\laragon\www\PT_Covidetecteur\public\index.php(45): CodeIgniter\CodeIgniter->run()
#7 {main}
CRITICAL - 2021-01-18 13:52:47 --> Call to undefined function helpers()
#0 D:\laragon\www\PT_Covidetecteur\system\View\View.php(246): include()
#1 D:\laragon\www\PT_Covidetecteur\system\Common.php(1119): CodeIgniter\View\View->render('CI_View_Covidet...', Array, true)
#2 D:\laragon\www\PT_Covidetecteur\app\Controllers\CI_MainMenu.php(11): view('CI_View_Covidet...')
#3 D:\laragon\www\PT_Covidetecteur\system\CodeIgniter.php(918): App\Controllers\CI_MainMenu->index()
#4 D:\laragon\www\PT_Covidetecteur\system\CodeIgniter.php(404): CodeIgniter\CodeIgniter->runController(Object(App\Controllers\CI_MainMenu))
#5 D:\laragon\www\PT_Covidetecteur\system\CodeIgniter.php(312): CodeIgniter\CodeIgniter->handleRequest(NULL, Object(Config\Cache), false)
#6 D:\laragon\www\PT_Covidetecteur\public\index.php(45): CodeIgniter\CodeIgniter->run()
#7 {main}
CRITICAL - 2021-01-18 13:52:47 --> Call to undefined function helpers()
#0 D:\laragon\www\PT_Covidetecteur\system\View\View.php(246): include()
#1 D:\laragon\www\PT_Covidetecteur\system\Common.php(1119): CodeIgniter\View\View->render('CI_View_Covidet...', Array, true)
#2 D:\laragon\www\PT_Covidetecteur\app\Controllers\CI_MainMenu.php(11): view('CI_View_Covidet...')
#3 D:\laragon\www\PT_Covidetecteur\system\CodeIgniter.php(918): App\Controllers\CI_MainMenu->index()
#4 D:\laragon\www\PT_Covidetecteur\system\CodeIgniter.php(404): CodeIgniter\CodeIgniter->runController(Object(App\Controllers\CI_MainMenu))
#5 D:\laragon\www\PT_Covidetecteur\system\CodeIgniter.php(312): CodeIgniter\CodeIgniter->handleRequest(NULL, Object(Config\Cache), false)
#6 D:\laragon\www\PT_Covidetecteur\public\index.php(45): CodeIgniter\CodeIgniter->run()
#7 {main}
CRITICAL - 2021-01-18 13:52:47 --> Call to undefined function helpers()
#0 D:\laragon\www\PT_Covidetecteur\system\View\View.php(246): include()
#1 D:\laragon\www\PT_Covidetecteur\system\Common.php(1119): CodeIgniter\View\View->render('CI_View_Covidet...', Array, true)
#2 D:\laragon\www\PT_Covidetecteur\app\Controllers\CI_MainMenu.php(11): view('CI_View_Covidet...')
#3 D:\laragon\www\PT_Covidetecteur\system\CodeIgniter.php(918): App\Controllers\CI_MainMenu->index()
#4 D:\laragon\www\PT_Covidetecteur\system\CodeIgniter.php(404): CodeIgniter\CodeIgniter->runController(Object(App\Controllers\CI_MainMenu))
#5 D:\laragon\www\PT_Covidetecteur\system\CodeIgniter.php(312): CodeIgniter\CodeIgniter->handleRequest(NULL, Object(Config\Cache), false)
#6 D:\laragon\www\PT_Covidetecteur\public\index.php(45): CodeIgniter\CodeIgniter->run()
#7 {main}
CRITICAL - 2021-01-18 13:52:47 --> Call to undefined function helpers()
#0 D:\laragon\www\PT_Covidetecteur\system\View\View.php(246): include()
#1 D:\laragon\www\PT_Covidetecteur\system\Common.php(1119): CodeIgniter\View\View->render('CI_View_Covidet...', Array, true)
#2 D:\laragon\www\PT_Covidetecteur\app\Controllers\CI_MainMenu.php(11): view('CI_View_Covidet...')
#3 D:\laragon\www\PT_Covidetecteur\system\CodeIgniter.php(918): App\Controllers\CI_MainMenu->index()
#4 D:\laragon\www\PT_Covidetecteur\system\CodeIgniter.php(404): CodeIgniter\CodeIgniter->runController(Object(App\Controllers\CI_MainMenu))
#5 D:\laragon\www\PT_Covidetecteur\system\CodeIgniter.php(312): CodeIgniter\CodeIgniter->handleRequest(NULL, Object(Config\Cache), false)
#6 D:\laragon\www\PT_Covidetecteur\public\index.php(45): CodeIgniter\CodeIgniter->run()
#7 {main}
CRITICAL - 2021-01-18 13:53:12 --> Call to undefined function helpers()
#0 D:\laragon\www\PT_Covidetecteur\system\View\View.php(246): include()
#1 D:\laragon\www\PT_Covidetecteur\system\Common.php(1119): CodeIgniter\View\View->render('CI_View_Covidet...', Array, true)
#2 D:\laragon\www\PT_Covidetecteur\app\Controllers\CI_MainMenu.php(11): view('CI_View_Covidet...')
#3 D:\laragon\www\PT_Covidetecteur\system\CodeIgniter.php(918): App\Controllers\CI_MainMenu->index()
#4 D:\laragon\www\PT_Covidetecteur\system\CodeIgniter.php(404): CodeIgniter\CodeIgniter->runController(Object(App\Controllers\CI_MainMenu))
#5 D:\laragon\www\PT_Covidetecteur\system\CodeIgniter.php(312): CodeIgniter\CodeIgniter->handleRequest(NULL, Object(Config\Cache), false)
#6 D:\laragon\www\PT_Covidetecteur\public\index.php(45): CodeIgniter\CodeIgniter->run()
#7 {main}
CRITICAL - 2021-01-18 13:53:13 --> Call to undefined function helpers()
#0 D:\laragon\www\PT_Covidetecteur\system\View\View.php(246): include()
#1 D:\laragon\www\PT_Covidetecteur\system\Common.php(1119): CodeIgniter\View\View->render('CI_View_Covidet...', Array, true)
#2 D:\laragon\www\PT_Covidetecteur\app\Controllers\CI_MainMenu.php(11): view('CI_View_Covidet...')
#3 D:\laragon\www\PT_Covidetecteur\system\CodeIgniter.php(918): App\Controllers\CI_MainMenu->index()
#4 D:\laragon\www\PT_Covidetecteur\system\CodeIgniter.php(404): CodeIgniter\CodeIgniter->runController(Object(App\Controllers\CI_MainMenu))
#5 D:\laragon\www\PT_Covidetecteur\system\CodeIgniter.php(312): CodeIgniter\CodeIgniter->handleRequest(NULL, Object(Config\Cache), false)
#6 D:\laragon\www\PT_Covidetecteur\public\index.php(45): CodeIgniter\CodeIgniter->run()
#7 {main}
CRITICAL - 2021-01-18 13:53:23 --> Invalid file: App/Views/CI_View_Covidetecteur.php
#0 D:\laragon\www\PT_Covidetecteur\system\View\View.php(228): CodeIgniter\Exceptions\FrameworkException::forInvalidFile('App/Views/CI_Vi...')
#1 D:\laragon\www\PT_Covidetecteur\system\Common.php(1119): CodeIgniter\View\View->render('App/Views/CI_Vi...', Array, true)
#2 D:\laragon\www\PT_Covidetecteur\app\Controllers\CI_MainMenu.php(11): view('App/Views/CI_Vi...')
#3 D:\laragon\www\PT_Covidetecteur\system\CodeIgniter.php(918): App\Controllers\CI_MainMenu->index()
#4 D:\laragon\www\PT_Covidetecteur\system\CodeIgniter.php(404): CodeIgniter\CodeIgniter->runController(Object(App\Controllers\CI_MainMenu))
#5 D:\laragon\www\PT_Covidetecteur\system\CodeIgniter.php(312): CodeIgniter\CodeIgniter->handleRequest(NULL, Object(Config\Cache), false)
#6 D:\laragon\www\PT_Covidetecteur\public\index.php(45): CodeIgniter\CodeIgniter->run()
#7 {main}
CRITICAL - 2021-01-18 13:53:28 --> Invalid file: App/Views/CI_View_Covidetecteur.php
#0 D:\laragon\www\PT_Covidetecteur\system\View\View.php(228): CodeIgniter\Exceptions\FrameworkException::forInvalidFile('App/Views/CI_Vi...')
#1 D:\laragon\www\PT_Covidetecteur\system\Common.php(1119): CodeIgniter\View\View->render('App/Views/CI_Vi...', Array, true)
#2 D:\laragon\www\PT_Covidetecteur\app\Controllers\CI_MainMenu.php(11): view('App/Views/CI_Vi...')
#3 D:\laragon\www\PT_Covidetecteur\system\CodeIgniter.php(918): App\Controllers\CI_MainMenu->index()
#4 D:\laragon\www\PT_Covidetecteur\system\CodeIgniter.php(404): CodeIgniter\CodeIgniter->runController(Object(App\Controllers\CI_MainMenu))
#5 D:\laragon\www\PT_Covidetecteur\system\CodeIgniter.php(312): CodeIgniter\CodeIgniter->handleRequest(NULL, Object(Config\Cache), false)
#6 D:\laragon\www\PT_Covidetecteur\public\index.php(45): CodeIgniter\CodeIgniter->run()
#7 {main}
CRITICAL - 2021-01-18 13:53:28 --> Invalid file: App/Views/CI_View_Covidetecteur.php
#0 D:\laragon\www\PT_Covidetecteur\system\View\View.php(228): CodeIgniter\Exceptions\FrameworkException::forInvalidFile('App/Views/CI_Vi...')
#1 D:\laragon\www\PT_Covidetecteur\system\Common.php(1119): CodeIgniter\View\View->render('App/Views/CI_Vi...', Array, true)
#2 D:\laragon\www\PT_Covidetecteur\app\Controllers\CI_MainMenu.php(11): view('App/Views/CI_Vi...')
#3 D:\laragon\www\PT_Covidetecteur\system\CodeIgniter.php(918): App\Controllers\CI_MainMenu->index()
#4 D:\laragon\www\PT_Covidetecteur\system\CodeIgniter.php(404): CodeIgniter\CodeIgniter->runController(Object(App\Controllers\CI_MainMenu))
#5 D:\laragon\www\PT_Covidetecteur\system\CodeIgniter.php(312): CodeIgniter\CodeIgniter->handleRequest(NULL, Object(Config\Cache), false)
#6 D:\laragon\www\PT_Covidetecteur\public\index.php(45): CodeIgniter\CodeIgniter->run()
#7 {main}
CRITICAL - 2021-01-18 13:53:28 --> Invalid file: App/Views/CI_View_Covidetecteur.php
#0 D:\laragon\www\PT_Covidetecteur\system\View\View.php(228): CodeIgniter\Exceptions\FrameworkException::forInvalidFile('App/Views/CI_Vi...')
#1 D:\laragon\www\PT_Covidetecteur\system\Common.php(1119): CodeIgniter\View\View->render('App/Views/CI_Vi...', Array, true)
#2 D:\laragon\www\PT_Covidetecteur\app\Controllers\CI_MainMenu.php(11): view('App/Views/CI_Vi...')
#3 D:\laragon\www\PT_Covidetecteur\system\CodeIgniter.php(918): App\Controllers\CI_MainMenu->index()
#4 D:\laragon\www\PT_Covidetecteur\system\CodeIgniter.php(404): CodeIgniter\CodeIgniter->runController(Object(App\Controllers\CI_MainMenu))
#5 D:\laragon\www\PT_Covidetecteur\system\CodeIgniter.php(312): CodeIgniter\CodeIgniter->handleRequest(NULL, Object(Config\Cache), false)
#6 D:\laragon\www\PT_Covidetecteur\public\index.php(45): CodeIgniter\CodeIgniter->run()
#7 {main}
CRITICAL - 2021-01-18 13:53:44 --> Call to undefined function helpers()
#0 D:\laragon\www\PT_Covidetecteur\system\View\View.php(246): include()
#1 D:\laragon\www\PT_Covidetecteur\system\Common.php(1119): CodeIgniter\View\View->render('CI_View_Covidet...', Array, true)
#2 D:\laragon\www\PT_Covidetecteur\app\Controllers\CI_MainMenu.php(11): view('CI_View_Covidet...')
#3 D:\laragon\www\PT_Covidetecteur\system\CodeIgniter.php(918): App\Controllers\CI_MainMenu->index()
#4 D:\laragon\www\PT_Covidetecteur\system\CodeIgniter.php(404): CodeIgniter\CodeIgniter->runController(Object(App\Controllers\CI_MainMenu))
#5 D:\laragon\www\PT_Covidetecteur\system\CodeIgniter.php(312): CodeIgniter\CodeIgniter->handleRequest(NULL, Object(Config\Cache), false)
#6 D:\laragon\www\PT_Covidetecteur\public\index.php(45): CodeIgniter\CodeIgniter->run()
#7 {main}
CRITICAL - 2021-01-18 13:54:39 --> Call to undefined function helpers()
#0 D:\laragon\www\PT_Covidetecteur\system\View\View.php(246): include()
#1 D:\laragon\www\PT_Covidetecteur\system\Common.php(1119): CodeIgniter\View\View->render('CI_View_connexi...', Array, true)
#2 D:\laragon\www\PT_Covidetecteur\app\Controllers\CI_MainMenu.php(11): view('CI_View_connexi...')
#3 D:\laragon\www\PT_Covidetecteur\system\CodeIgniter.php(918): App\Controllers\CI_MainMenu->index()
#4 D:\laragon\www\PT_Covidetecteur\system\CodeIgniter.php(404): CodeIgniter\CodeIgniter->runController(Object(App\Controllers\CI_MainMenu))
#5 D:\laragon\www\PT_Covidetecteur\system\CodeIgniter.php(312): CodeIgniter\CodeIgniter->handleRequest(NULL, Object(Config\Cache), false)
#6 D:\laragon\www\PT_Covidetecteur\public\index.php(45): CodeIgniter\CodeIgniter->run()
#7 {main}
CRITICAL - 2021-01-18 13:54:40 --> Call to undefined function helpers()
#0 D:\laragon\www\PT_Covidetecteur\system\View\View.php(246): include()
#1 D:\laragon\www\PT_Covidetecteur\system\Common.php(1119): CodeIgniter\View\View->render('CI_View_connexi...', Array, true)
#2 D:\laragon\www\PT_Covidetecteur\app\Controllers\CI_MainMenu.php(11): view('CI_View_connexi...')
#3 D:\laragon\www\PT_Covidetecteur\system\CodeIgniter.php(918): App\Controllers\CI_MainMenu->index()
#4 D:\laragon\www\PT_Covidetecteur\system\CodeIgniter.php(404): CodeIgniter\CodeIgniter->runController(Object(App\Controllers\CI_MainMenu))
#5 D:\laragon\www\PT_Covidetecteur\system\CodeIgniter.php(312): CodeIgniter\CodeIgniter->handleRequest(NULL, Object(Config\Cache), false)
#6 D:\laragon\www\PT_Covidetecteur\public\index.php(45): CodeIgniter\CodeIgniter->run()
#7 {main}
CRITICAL - 2021-01-18 13:54:40 --> Call to undefined function helpers()
#0 D:\laragon\www\PT_Covidetecteur\system\View\View.php(246): include()
#1 D:\laragon\www\PT_Covidetecteur\system\Common.php(1119): CodeIgniter\View\View->render('CI_View_connexi...', Array, true)
#2 D:\laragon\www\PT_Covidetecteur\app\Controllers\CI_MainMenu.php(11): view('CI_View_connexi...')
#3 D:\laragon\www\PT_Covidetecteur\system\CodeIgniter.php(918): App\Controllers\CI_MainMenu->index()
#4 D:\laragon\www\PT_Covidetecteur\system\CodeIgniter.php(404): CodeIgniter\CodeIgniter->runController(Object(App\Controllers\CI_MainMenu))
#5 D:\laragon\www\PT_Covidetecteur\system\CodeIgniter.php(312): CodeIgniter\CodeIgniter->handleRequest(NULL, Object(Config\Cache), false)
#6 D:\laragon\www\PT_Covidetecteur\public\index.php(45): CodeIgniter\CodeIgniter->run()
#7 {main}
CRITICAL - 2021-01-18 13:54:40 --> Call to undefined function helpers()
#0 D:\laragon\www\PT_Covidetecteur\system\View\View.php(246): include()
#1 D:\laragon\www\PT_Covidetecteur\system\Common.php(1119): CodeIgniter\View\View->render('CI_View_connexi...', Array, true)
#2 D:\laragon\www\PT_Covidetecteur\app\Controllers\CI_MainMenu.php(11): view('CI_View_connexi...')
#3 D:\laragon\www\PT_Covidetecteur\system\CodeIgniter.php(918): App\Controllers\CI_MainMenu->index()
#4 D:\laragon\www\PT_Covidetecteur\system\CodeIgniter.php(404): CodeIgniter\CodeIgniter->runController(Object(App\Controllers\CI_MainMenu))
#5 D:\laragon\www\PT_Covidetecteur\system\CodeIgniter.php(312): CodeIgniter\CodeIgniter->handleRequest(NULL, Object(Config\Cache), false)
#6 D:\laragon\www\PT_Covidetecteur\public\index.php(45): CodeIgniter\CodeIgniter->run()
#7 {main}
CRITICAL - 2021-01-18 13:54:52 --> Call to undefined function helpers()
#0 D:\laragon\www\PT_Covidetecteur\system\View\View.php(246): include()
#1 D:\laragon\www\PT_Covidetecteur\system\Common.php(1119): CodeIgniter\View\View->render('CI_View_Covidet...', Array, true)
#2 D:\laragon\www\PT_Covidetecteur\app\Controllers\CI_MainMenu.php(11): view('CI_View_Covidet...')
#3 D:\laragon\www\PT_Covidetecteur\system\CodeIgniter.php(918): App\Controllers\CI_MainMenu->index()
#4 D:\laragon\www\PT_Covidetecteur\system\CodeIgniter.php(404): CodeIgniter\CodeIgniter->runController(Object(App\Controllers\CI_MainMenu))
#5 D:\laragon\www\PT_Covidetecteur\system\CodeIgniter.php(312): CodeIgniter\CodeIgniter->handleRequest(NULL, Object(Config\Cache), false)
#6 D:\laragon\www\PT_Covidetecteur\public\index.php(45): CodeIgniter\CodeIgniter->run()
#7 {main}
CRITICAL - 2021-01-18 13:56:17 --> Call to undefined function helpers()
#0 D:\laragon\www\PT_Covidetecteur\system\View\View.php(246): include()
#1 D:\laragon\www\PT_Covidetecteur\system\Common.php(1119): CodeIgniter\View\View->render('CI_View_Covidet...', Array, true)
#2 D:\laragon\www\PT_Covidetecteur\app\Controllers\CI_MainMenu.php(11): view('CI_View_Covidet...')
#3 D:\laragon\www\PT_Covidetecteur\system\CodeIgniter.php(918): App\Controllers\CI_MainMenu->index()
#4 D:\laragon\www\PT_Covidetecteur\system\CodeIgniter.php(404): CodeIgniter\CodeIgniter->runController(Object(App\Controllers\CI_MainMenu))
#5 D:\laragon\www\PT_Covidetecteur\system\CodeIgniter.php(312): CodeIgniter\CodeIgniter->handleRequest(NULL, Object(Config\Cache), false)
#6 D:\laragon\www\PT_Covidetecteur\public\index.php(45): CodeIgniter\CodeIgniter->run()
#7 {main}
CRITICAL - 2021-01-18 13:56:18 --> Call to undefined function helpers()
#0 D:\laragon\www\PT_Covidetecteur\system\View\View.php(246): include()
#1 D:\laragon\www\PT_Covidetecteur\system\Common.php(1119): CodeIgniter\View\View->render('CI_View_Covidet...', Array, true)
#2 D:\laragon\www\PT_Covidetecteur\app\Controllers\CI_MainMenu.php(11): view('CI_View_Covidet...')
#3 D:\laragon\www\PT_Covidetecteur\system\CodeIgniter.php(918): App\Controllers\CI_MainMenu->index()
#4 D:\laragon\www\PT_Covidetecteur\system\CodeIgniter.php(404): CodeIgniter\CodeIgniter->runController(Object(App\Controllers\CI_MainMenu))
#5 D:\laragon\www\PT_Covidetecteur\system\CodeIgniter.php(312): CodeIgniter\CodeIgniter->handleRequest(NULL, Object(Config\Cache), false)
#6 D:\laragon\www\PT_Covidetecteur\public\index.php(45): CodeIgniter\CodeIgniter->run()
#7 {main}
CRITICAL - 2021-01-18 13:56:52 --> Call to undefined function helpers()
#0 D:\laragon\www\PT_Covidetecteur\system\View\View.php(246): include()
#1 D:\laragon\www\PT_Covidetecteur\system\Common.php(1119): CodeIgniter\View\View->render('CI_View_Covidet...', Array, true)
#2 D:\laragon\www\PT_Covidetecteur\app\Controllers\CI_MainMenu.php(11): view('CI_View_Covidet...')
#3 D:\laragon\www\PT_Covidetecteur\system\CodeIgniter.php(918): App\Controllers\CI_MainMenu->index()
#4 D:\laragon\www\PT_Covidetecteur\system\CodeIgniter.php(404): CodeIgniter\CodeIgniter->runController(Object(App\Controllers\CI_MainMenu))
#5 D:\laragon\www\PT_Covidetecteur\system\CodeIgniter.php(312): CodeIgniter\CodeIgniter->handleRequest(NULL, Object(Config\Cache), false)
#6 D:\laragon\www\PT_Covidetecteur\public\index.php(45): CodeIgniter\CodeIgniter->run()
#7 {main}
CRITICAL - 2021-01-18 13:56:56 --> Call to undefined function helpers()
#0 D:\laragon\www\PT_Covidetecteur\system\View\View.php(246): include()
#1 D:\laragon\www\PT_Covidetecteur\system\Common.php(1119): CodeIgniter\View\View->render('CI_View_Covidet...', Array, true)
#2 D:\laragon\www\PT_Covidetecteur\app\Controllers\CI_MainMenu.php(11): view('CI_View_Covidet...')
#3 D:\laragon\www\PT_Covidetecteur\system\CodeIgniter.php(918): App\Controllers\CI_MainMenu->index()
#4 D:\laragon\www\PT_Covidetecteur\system\CodeIgniter.php(404): CodeIgniter\CodeIgniter->runController(Object(App\Controllers\CI_MainMenu))
#5 D:\laragon\www\PT_Covidetecteur\system\CodeIgniter.php(312): CodeIgniter\CodeIgniter->handleRequest(NULL, Object(Config\Cache), false)
#6 D:\laragon\www\PT_Covidetecteur\public\index.php(45): CodeIgniter\CodeIgniter->run()
#7 {main}
CRITICAL - 2021-01-18 13:57:06 --> Call to undefined function helpers()
#0 D:\laragon\www\PT_Covidetecteur\system\View\View.php(246): include()
#1 D:\laragon\www\PT_Covidetecteur\system\Common.php(1119): CodeIgniter\View\View->render('CI_View_Covidet...', Array, true)
#2 D:\laragon\www\PT_Covidetecteur\app\Controllers\CI_MainMenu.php(11): view('CI_View_Covidet...')
#3 D:\laragon\www\PT_Covidetecteur\system\CodeIgniter.php(918): App\Controllers\CI_MainMenu->index()
#4 D:\laragon\www\PT_Covidetecteur\system\CodeIgniter.php(404): CodeIgniter\CodeIgniter->runController(Object(App\Controllers\CI_MainMenu))
#5 D:\laragon\www\PT_Covidetecteur\system\CodeIgniter.php(312): CodeIgniter\CodeIgniter->handleRequest(NULL, Object(Config\Cache), false)
#6 D:\laragon\www\PT_Covidetecteur\public\index.php(45): CodeIgniter\CodeIgniter->run()
#7 {main}
CRITICAL - 2021-01-18 13:57:39 --> Call to undefined function helpers()
#0 D:\laragon\www\PT_Covidetecteur\system\View\View.php(246): include()
#1 D:\laragon\www\PT_Covidetecteur\system\Common.php(1119): CodeIgniter\View\View->render('CI_View_Covidet...', Array, true)
#2 D:\laragon\www\PT_Covidetecteur\app\Controllers\CI_MainMenu.php(11): view('CI_View_Covidet...')
#3 D:\laragon\www\PT_Covidetecteur\system\CodeIgniter.php(918): App\Controllers\CI_MainMenu->index()
#4 D:\laragon\www\PT_Covidetecteur\system\CodeIgniter.php(404): CodeIgniter\CodeIgniter->runController(Object(App\Controllers\CI_MainMenu))
#5 D:\laragon\www\PT_Covidetecteur\system\CodeIgniter.php(312): CodeIgniter\CodeIgniter->handleRequest(NULL, Object(Config\Cache), false)
#6 D:\laragon\www\PT_Covidetecteur\public\index.php(45): CodeIgniter\CodeIgniter->run()
#7 {main}
CRITICAL - 2021-01-18 13:57:40 --> Call to undefined function helpers()
#0 D:\laragon\www\PT_Covidetecteur\system\View\View.php(246): include()
#1 D:\laragon\www\PT_Covidetecteur\system\Common.php(1119): CodeIgniter\View\View->render('CI_View_Covidet...', Array, true)
#2 D:\laragon\www\PT_Covidetecteur\app\Controllers\CI_MainMenu.php(11): view('CI_View_Covidet...')
#3 D:\laragon\www\PT_Covidetecteur\system\CodeIgniter.php(918): App\Controllers\CI_MainMenu->index()
#4 D:\laragon\www\PT_Covidetecteur\system\CodeIgniter.php(404): CodeIgniter\CodeIgniter->runController(Object(App\Controllers\CI_MainMenu))
#5 D:\laragon\www\PT_Covidetecteur\system\CodeIgniter.php(312): CodeIgniter\CodeIgniter->handleRequest(NULL, Object(Config\Cache), false)
#6 D:\laragon\www\PT_Covidetecteur\public\index.php(45): CodeIgniter\CodeIgniter->run()
#7 {main}
CRITICAL - 2021-01-18 13:57:40 --> Call to undefined function helpers()
#0 D:\laragon\www\PT_Covidetecteur\system\View\View.php(246): include()
#1 D:\laragon\www\PT_Covidetecteur\system\Common.php(1119): CodeIgniter\View\View->render('CI_View_Covidet...', Array, true)
#2 D:\laragon\www\PT_Covidetecteur\app\Controllers\CI_MainMenu.php(11): view('CI_View_Covidet...')
#3 D:\laragon\www\PT_Covidetecteur\system\CodeIgniter.php(918): App\Controllers\CI_MainMenu->index()
#4 D:\laragon\www\PT_Covidetecteur\system\CodeIgniter.php(404): CodeIgniter\CodeIgniter->runController(Object(App\Controllers\CI_MainMenu))
#5 D:\laragon\www\PT_Covidetecteur\system\CodeIgniter.php(312): CodeIgniter\CodeIgniter->handleRequest(NULL, Object(Config\Cache), false)
#6 D:\laragon\www\PT_Covidetecteur\public\index.php(45): CodeIgniter\CodeIgniter->run()
#7 {main}
CRITICAL - 2021-01-18 14:00:08 --> Call to undefined function img()
#0 D:\laragon\www\PT_Covidetecteur\system\View\View.php(246): include()
#1 D:\laragon\www\PT_Covidetecteur\system\Common.php(1119): CodeIgniter\View\View->render('CI_View_Covidet...', Array, true)
#2 D:\laragon\www\PT_Covidetecteur\app\Controllers\CI_MainMenu.php(11): view('CI_View_Covidet...')
#3 D:\laragon\www\PT_Covidetecteur\system\CodeIgniter.php(918): App\Controllers\CI_MainMenu->index()
#4 D:\laragon\www\PT_Covidetecteur\system\CodeIgniter.php(404): CodeIgniter\CodeIgniter->runController(Object(App\Controllers\CI_MainMenu))
#5 D:\laragon\www\PT_Covidetecteur\system\CodeIgniter.php(312): CodeIgniter\CodeIgniter->handleRequest(NULL, Object(Config\Cache), false)
#6 D:\laragon\www\PT_Covidetecteur\public\index.php(45): CodeIgniter\CodeIgniter->run()
#7 {main}
CRITICAL - 2021-01-18 14:01:16 --> Call to undefined function img()
#0 D:\laragon\www\PT_Covidetecteur\system\View\View.php(246): include()
#1 D:\laragon\www\PT_Covidetecteur\system\Common.php(1119): CodeIgniter\View\View->render('CI_View_Covidet...', Array, true)
#2 D:\laragon\www\PT_Covidetecteur\app\Controllers\CI_MainMenu.php(11): view('CI_View_Covidet...')
#3 D:\laragon\www\PT_Covidetecteur\system\CodeIgniter.php(918): App\Controllers\CI_MainMenu->index()
#4 D:\laragon\www\PT_Covidetecteur\system\CodeIgniter.php(404): CodeIgniter\CodeIgniter->runController(Object(App\Controllers\CI_MainMenu))
#5 D:\laragon\www\PT_Covidetecteur\system\CodeIgniter.php(312): CodeIgniter\CodeIgniter->handleRequest(NULL, Object(Config\Cache), false)
#6 D:\laragon\www\PT_Covidetecteur\public\index.php(45): CodeIgniter\CodeIgniter->run()
#7 {main}
CRITICAL - 2021-01-18 14:01:17 --> Call to undefined function img()
#0 D:\laragon\www\PT_Covidetecteur\system\View\View.php(246): include()
#1 D:\laragon\www\PT_Covidetecteur\system\Common.php(1119): CodeIgniter\View\View->render('CI_View_Covidet...', Array, true)
#2 D:\laragon\www\PT_Covidetecteur\app\Controllers\CI_MainMenu.php(11): view('CI_View_Covidet...')
#3 D:\laragon\www\PT_Covidetecteur\system\CodeIgniter.php(918): App\Controllers\CI_MainMenu->index()
#4 D:\laragon\www\PT_Covidetecteur\system\CodeIgniter.php(404): CodeIgniter\CodeIgniter->runController(Object(App\Controllers\CI_MainMenu))
#5 D:\laragon\www\PT_Covidetecteur\system\CodeIgniter.php(312): CodeIgniter\CodeIgniter->handleRequest(NULL, Object(Config\Cache), false)
#6 D:\laragon\www\PT_Covidetecteur\public\index.php(45): CodeIgniter\CodeIgniter->run()
#7 {main}
CRITICAL - 2021-01-18 14:01:17 --> Call to undefined function img()
#0 D:\laragon\www\PT_Covidetecteur\system\View\View.php(246): include()
#1 D:\laragon\www\PT_Covidetecteur\system\Common.php(1119): CodeIgniter\View\View->render('CI_View_Covidet...', Array, true)
#2 D:\laragon\www\PT_Covidetecteur\app\Controllers\CI_MainMenu.php(11): view('CI_View_Covidet...')
#3 D:\laragon\www\PT_Covidetecteur\system\CodeIgniter.php(918): App\Controllers\CI_MainMenu->index()
#4 D:\laragon\www\PT_Covidetecteur\system\CodeIgniter.php(404): CodeIgniter\CodeIgniter->runController(Object(App\Controllers\CI_MainMenu))
#5 D:\laragon\www\PT_Covidetecteur\system\CodeIgniter.php(312): CodeIgniter\CodeIgniter->handleRequest(NULL, Object(Config\Cache), false)
#6 D:\laragon\www\PT_Covidetecteur\public\index.php(45): CodeIgniter\CodeIgniter->run()
#7 {main}
CRITICAL - 2021-01-18 14:02:12 --> Call to undefined function anchore()
#0 D:\laragon\www\PT_Covidetecteur\system\View\View.php(246): include()
#1 D:\laragon\www\PT_Covidetecteur\system\Common.php(1119): CodeIgniter\View\View->render('CI_View_Covidet...', Array, true)
#2 D:\laragon\www\PT_Covidetecteur\app\Controllers\CI_MainMenu.php(11): view('CI_View_Covidet...')
#3 D:\laragon\www\PT_Covidetecteur\system\CodeIgniter.php(918): App\Controllers\CI_MainMenu->index()
#4 D:\laragon\www\PT_Covidetecteur\system\CodeIgniter.php(404): CodeIgniter\CodeIgniter->runController(Object(App\Controllers\CI_MainMenu))
#5 D:\laragon\www\PT_Covidetecteur\system\CodeIgniter.php(312): CodeIgniter\CodeIgniter->handleRequest(NULL, Object(Config\Cache), false)
#6 D:\laragon\www\PT_Covidetecteur\public\index.php(45): CodeIgniter\CodeIgniter->run()
#7 {main}
CRITICAL - 2021-01-18 14:02:13 --> Call to undefined function anchore()
#0 D:\laragon\www\PT_Covidetecteur\system\View\View.php(246): include()
#1 D:\laragon\www\PT_Covidetecteur\system\Common.php(1119): CodeIgniter\View\View->render('CI_View_Covidet...', Array, true)
#2 D:\laragon\www\PT_Covidetecteur\app\Controllers\CI_MainMenu.php(11): view('CI_View_Covidet...')
#3 D:\laragon\www\PT_Covidetecteur\system\CodeIgniter.php(918): App\Controllers\CI_MainMenu->index()
#4 D:\laragon\www\PT_Covidetecteur\system\CodeIgniter.php(404): CodeIgniter\CodeIgniter->runController(Object(App\Controllers\CI_MainMenu))
#5 D:\laragon\www\PT_Covidetecteur\system\CodeIgniter.php(312): CodeIgniter\CodeIgniter->handleRequest(NULL, Object(Config\Cache), false)
#6 D:\laragon\www\PT_Covidetecteur\public\index.php(45): CodeIgniter\CodeIgniter->run()
#7 {main}
CRITICAL - 2021-01-18 14:02:14 --> Call to undefined function anchore()
#0 D:\laragon\www\PT_Covidetecteur\system\View\View.php(246): include()
#1 D:\laragon\www\PT_Covidetecteur\system\Common.php(1119): CodeIgniter\View\View->render('CI_View_Covidet...', Array, true)
#2 D:\laragon\www\PT_Covidetecteur\app\Controllers\CI_MainMenu.php(11): view('CI_View_Covidet...')
#3 D:\laragon\www\PT_Covidetecteur\system\CodeIgniter.php(918): App\Controllers\CI_MainMenu->index()
#4 D:\laragon\www\PT_Covidetecteur\system\CodeIgniter.php(404): CodeIgniter\CodeIgniter->runController(Object(App\Controllers\CI_MainMenu))
#5 D:\laragon\www\PT_Covidetecteur\system\CodeIgniter.php(312): CodeIgniter\CodeIgniter->handleRequest(NULL, Object(Config\Cache), false)
#6 D:\laragon\www\PT_Covidetecteur\public\index.php(45): CodeIgniter\CodeIgniter->run()
#7 {main}
CRITICAL - 2021-01-18 14:02:14 --> Call to undefined function anchore()
#0 D:\laragon\www\PT_Covidetecteur\system\View\View.php(246): include()
#1 D:\laragon\www\PT_Covidetecteur\system\Common.php(1119): CodeIgniter\View\View->render('CI_View_Covidet...', Array, true)
#2 D:\laragon\www\PT_Covidetecteur\app\Controllers\CI_MainMenu.php(11): view('CI_View_Covidet...')
#3 D:\laragon\www\PT_Covidetecteur\system\CodeIgniter.php(918): App\Controllers\CI_MainMenu->index()
#4 D:\laragon\www\PT_Covidetecteur\system\CodeIgniter.php(404): CodeIgniter\CodeIgniter->runController(Object(App\Controllers\CI_MainMenu))
#5 D:\laragon\www\PT_Covidetecteur\system\CodeIgniter.php(312): CodeIgniter\CodeIgniter->handleRequest(NULL, Object(Config\Cache), false)
#6 D:\laragon\www\PT_Covidetecteur\public\index.php(45): CodeIgniter\CodeIgniter->run()
#7 {main}
CRITICAL - 2021-01-18 14:02:42 --> Call to undefined function img()
#0 D:\laragon\www\PT_Covidetecteur\system\View\View.php(246): include()
#1 D:\laragon\www\PT_Covidetecteur\system\Common.php(1119): CodeIgniter\View\View->render('CI_View_Covidet...', Array, true)
#2 D:\laragon\www\PT_Covidetecteur\app\Controllers\CI_MainMenu.php(11): view('CI_View_Covidet...')
#3 D:\laragon\www\PT_Covidetecteur\system\CodeIgniter.php(918): App\Controllers\CI_MainMenu->index()
#4 D:\laragon\www\PT_Covidetecteur\system\CodeIgniter.php(404): CodeIgniter\CodeIgniter->runController(Object(App\Controllers\CI_MainMenu))
#5 D:\laragon\www\PT_Covidetecteur\system\CodeIgniter.php(312): CodeIgniter\CodeIgniter->handleRequest(NULL, Object(Config\Cache), false)
#6 D:\laragon\www\PT_Covidetecteur\public\index.php(45): CodeIgniter\CodeIgniter->run()
#7 {main}
CRITICAL - 2021-01-18 14:02:46 --> Call to undefined function img()
#0 D:\laragon\www\PT_Covidetecteur\system\View\View.php(246): include()
#1 D:\laragon\www\PT_Covidetecteur\system\Common.php(1119): CodeIgniter\View\View->render('CI_View_Covidet...', Array, true)
#2 D:\laragon\www\PT_Covidetecteur\app\Controllers\CI_MainMenu.php(11): view('CI_View_Covidet...')
#3 D:\laragon\www\PT_Covidetecteur\system\CodeIgniter.php(918): App\Controllers\CI_MainMenu->index()
#4 D:\laragon\www\PT_Covidetecteur\system\CodeIgniter.php(404): CodeIgniter\CodeIgniter->runController(Object(App\Controllers\CI_MainMenu))
#5 D:\laragon\www\PT_Covidetecteur\system\CodeIgniter.php(312): CodeIgniter\CodeIgniter->handleRequest(NULL, Object(Config\Cache), false)
#6 D:\laragon\www\PT_Covidetecteur\public\index.php(45): CodeIgniter\CodeIgniter->run()
#7 {main}
CRITICAL - 2021-01-18 14:02:47 --> Call to undefined function img()
#0 D:\laragon\www\PT_Covidetecteur\system\View\View.php(246): include()
#1 D:\laragon\www\PT_Covidetecteur\system\Common.php(1119): CodeIgniter\View\View->render('CI_View_Covidet...', Array, true)
#2 D:\laragon\www\PT_Covidetecteur\app\Controllers\CI_MainMenu.php(11): view('CI_View_Covidet...')
#3 D:\laragon\www\PT_Covidetecteur\system\CodeIgniter.php(918): App\Controllers\CI_MainMenu->index()
#4 D:\laragon\www\PT_Covidetecteur\system\CodeIgniter.php(404): CodeIgniter\CodeIgniter->runController(Object(App\Controllers\CI_MainMenu))
#5 D:\laragon\www\PT_Covidetecteur\system\CodeIgniter.php(312): CodeIgniter\CodeIgniter->handleRequest(NULL, Object(Config\Cache), false)
#6 D:\laragon\www\PT_Covidetecteur\public\index.php(45): CodeIgniter\CodeIgniter->run()
#7 {main}
CRITICAL - 2021-01-18 14:06:52 --> Call to undefined function img()
#0 D:\laragon\www\PT_Covidetecteur\system\View\View.php(246): include()
#1 D:\laragon\www\PT_Covidetecteur\system\Common.php(1119): CodeIgniter\View\View->render('CI_View_Covidet...', Array, true)
#2 D:\laragon\www\PT_Covidetecteur\app\Controllers\CI_MainMenu.php(11): view('CI_View_Covidet...')
#3 D:\laragon\www\PT_Covidetecteur\system\CodeIgniter.php(918): App\Controllers\CI_MainMenu->index()
#4 D:\laragon\www\PT_Covidetecteur\system\CodeIgniter.php(404): CodeIgniter\CodeIgniter->runController(Object(App\Controllers\CI_MainMenu))
#5 D:\laragon\www\PT_Covidetecteur\system\CodeIgniter.php(312): CodeIgniter\CodeIgniter->handleRequest(NULL, Object(Config\Cache), false)
#6 D:\laragon\www\PT_Covidetecteur\public\index.php(45): CodeIgniter\CodeIgniter->run()
#7 {main}
CRITICAL - 2021-01-18 14:06:53 --> Call to undefined function img()
#0 D:\laragon\www\PT_Covidetecteur\system\View\View.php(246): include()
#1 D:\laragon\www\PT_Covidetecteur\system\Common.php(1119): CodeIgniter\View\View->render('CI_View_Covidet...', Array, true)
#2 D:\laragon\www\PT_Covidetecteur\app\Controllers\CI_MainMenu.php(11): view('CI_View_Covidet...')
#3 D:\laragon\www\PT_Covidetecteur\system\CodeIgniter.php(918): App\Controllers\CI_MainMenu->index()
#4 D:\laragon\www\PT_Covidetecteur\system\CodeIgniter.php(404): CodeIgniter\CodeIgniter->runController(Object(App\Controllers\CI_MainMenu))
#5 D:\laragon\www\PT_Covidetecteur\system\CodeIgniter.php(312): CodeIgniter\CodeIgniter->handleRequest(NULL, Object(Config\Cache), false)
#6 D:\laragon\www\PT_Covidetecteur\public\index.php(45): CodeIgniter\CodeIgniter->run()
#7 {main}
CRITICAL - 2021-01-18 14:06:53 --> Call to undefined function img()
#0 D:\laragon\www\PT_Covidetecteur\system\View\View.php(246): include()
#1 D:\laragon\www\PT_Covidetecteur\system\Common.php(1119): CodeIgniter\View\View->render('CI_View_Covidet...', Array, true)
#2 D:\laragon\www\PT_Covidetecteur\app\Controllers\CI_MainMenu.php(11): view('CI_View_Covidet...')
#3 D:\laragon\www\PT_Covidetecteur\system\CodeIgniter.php(918): App\Controllers\CI_MainMenu->index()
#4 D:\laragon\www\PT_Covidetecteur\system\CodeIgniter.php(404): CodeIgniter\CodeIgniter->runController(Object(App\Controllers\CI_MainMenu))
#5 D:\laragon\www\PT_Covidetecteur\system\CodeIgniter.php(312): CodeIgniter\CodeIgniter->handleRequest(NULL, Object(Config\Cache), false)
#6 D:\laragon\www\PT_Covidetecteur\public\index.php(45): CodeIgniter\CodeIgniter->run()
#7 {main}
CRITICAL - 2021-01-18 14:07:28 --> Call to undefined function img()
#0 D:\laragon\www\PT_Covidetecteur\system\View\View.php(246): include()
#1 D:\laragon\www\PT_Covidetecteur\system\Common.php(1119): CodeIgniter\View\View->render('CI_View_Covidet...', Array, true)
#2 D:\laragon\www\PT_Covidetecteur\app\Controllers\CI_MainMenu.php(11): view('CI_View_Covidet...')
#3 D:\laragon\www\PT_Covidetecteur\system\CodeIgniter.php(918): App\Controllers\CI_MainMenu->index()
#4 D:\laragon\www\PT_Covidetecteur\system\CodeIgniter.php(404): CodeIgniter\CodeIgniter->runController(Object(App\Controllers\CI_MainMenu))
#5 D:\laragon\www\PT_Covidetecteur\system\CodeIgniter.php(312): CodeIgniter\CodeIgniter->handleRequest(NULL, Object(Config\Cache), false)
#6 D:\laragon\www\PT_Covidetecteur\public\index.php(45): CodeIgniter\CodeIgniter->run()
#7 {main}
CRITICAL - 2021-01-18 14:07:29 --> Call to undefined function img()
#0 D:\laragon\www\PT_Covidetecteur\system\View\View.php(246): include()
#1 D:\laragon\www\PT_Covidetecteur\system\Common.php(1119): CodeIgniter\View\View->render('CI_View_Covidet...', Array, true)
#2 D:\laragon\www\PT_Covidetecteur\app\Controllers\CI_MainMenu.php(11): view('CI_View_Covidet...')
#3 D:\laragon\www\PT_Covidetecteur\system\CodeIgniter.php(918): App\Controllers\CI_MainMenu->index()
#4 D:\laragon\www\PT_Covidetecteur\system\CodeIgniter.php(404): CodeIgniter\CodeIgniter->runController(Object(App\Controllers\CI_MainMenu))
#5 D:\laragon\www\PT_Covidetecteur\system\CodeIgniter.php(312): CodeIgniter\CodeIgniter->handleRequest(NULL, Object(Config\Cache), false)
#6 D:\laragon\www\PT_Covidetecteur\public\index.php(45): CodeIgniter\CodeIgniter->run()
#7 {main}
CRITICAL - 2021-01-18 14:09:24 --> Call to undefined function img()
#0 D:\laragon\www\PT_Covidetecteur\system\View\View.php(246): include()
#1 D:\laragon\www\PT_Covidetecteur\system\Common.php(1119): CodeIgniter\View\View->render('CI_View_Covidet...', Array, true)
#2 D:\laragon\www\PT_Covidetecteur\app\Controllers\CI_MainMenu.php(11): view('CI_View_Covidet...')
#3 D:\laragon\www\PT_Covidetecteur\system\CodeIgniter.php(918): App\Controllers\CI_MainMenu->index()
#4 D:\laragon\www\PT_Covidetecteur\system\CodeIgniter.php(404): CodeIgniter\CodeIgniter->runController(Object(App\Controllers\CI_MainMenu))
#5 D:\laragon\www\PT_Covidetecteur\system\CodeIgniter.php(312): CodeIgniter\CodeIgniter->handleRequest(NULL, Object(Config\Cache), false)
#6 D:\laragon\www\PT_Covidetecteur\public\index.php(45): CodeIgniter\CodeIgniter->run()
#7 {main}
CRITICAL - 2021-01-18 14:09:25 --> Call to undefined function img()
#0 D:\laragon\www\PT_Covidetecteur\system\View\View.php(246): include()
#1 D:\laragon\www\PT_Covidetecteur\system\Common.php(1119): CodeIgniter\View\View->render('CI_View_Covidet...', Array, true)
#2 D:\laragon\www\PT_Covidetecteur\app\Controllers\CI_MainMenu.php(11): view('CI_View_Covidet...')
#3 D:\laragon\www\PT_Covidetecteur\system\CodeIgniter.php(918): App\Controllers\CI_MainMenu->index()
#4 D:\laragon\www\PT_Covidetecteur\system\CodeIgniter.php(404): CodeIgniter\CodeIgniter->runController(Object(App\Controllers\CI_MainMenu))
#5 D:\laragon\www\PT_Covidetecteur\system\CodeIgniter.php(312): CodeIgniter\CodeIgniter->handleRequest(NULL, Object(Config\Cache), false)
#6 D:\laragon\www\PT_Covidetecteur\public\index.php(45): CodeIgniter\CodeIgniter->run()
#7 {main}
CRITICAL - 2021-01-18 14:09:25 --> Call to undefined function img()
#0 D:\laragon\www\PT_Covidetecteur\system\View\View.php(246): include()
#1 D:\laragon\www\PT_Covidetecteur\system\Common.php(1119): CodeIgniter\View\View->render('CI_View_Covidet...', Array, true)
#2 D:\laragon\www\PT_Covidetecteur\app\Controllers\CI_MainMenu.php(11): view('CI_View_Covidet...')
#3 D:\laragon\www\PT_Covidetecteur\system\CodeIgniter.php(918): App\Controllers\CI_MainMenu->index()
#4 D:\laragon\www\PT_Covidetecteur\system\CodeIgniter.php(404): CodeIgniter\CodeIgniter->runController(Object(App\Controllers\CI_MainMenu))
#5 D:\laragon\www\PT_Covidetecteur\system\CodeIgniter.php(312): CodeIgniter\CodeIgniter->handleRequest(NULL, Object(Config\Cache), false)
#6 D:\laragon\www\PT_Covidetecteur\public\index.php(45): CodeIgniter\CodeIgniter->run()
#7 {main}
CRITICAL - 2021-01-18 14:09:31 --> Call to undefined function img()
#0 D:\laragon\www\PT_Covidetecteur\system\View\View.php(246): include()
#1 D:\laragon\www\PT_Covidetecteur\system\Common.php(1119): CodeIgniter\View\View->render('CI_View_Covidet...', Array, true)
#2 D:\laragon\www\PT_Covidetecteur\app\Controllers\CI_MainMenu.php(11): view('CI_View_Covidet...')
#3 D:\laragon\www\PT_Covidetecteur\system\CodeIgniter.php(918): App\Controllers\CI_MainMenu->index()
#4 D:\laragon\www\PT_Covidetecteur\system\CodeIgniter.php(404): CodeIgniter\CodeIgniter->runController(Object(App\Controllers\CI_MainMenu))
#5 D:\laragon\www\PT_Covidetecteur\system\CodeIgniter.php(312): CodeIgniter\CodeIgniter->handleRequest(NULL, Object(Config\Cache), false)
#6 D:\laragon\www\PT_Covidetecteur\public\index.php(45): CodeIgniter\CodeIgniter->run()
#7 {main}
CRITICAL - 2021-01-18 14:09:32 --> Call to undefined function img()
#0 D:\laragon\www\PT_Covidetecteur\system\View\View.php(246): include()
#1 D:\laragon\www\PT_Covidetecteur\system\Common.php(1119): CodeIgniter\View\View->render('CI_View_Covidet...', Array, true)
#2 D:\laragon\www\PT_Covidetecteur\app\Controllers\CI_MainMenu.php(11): view('CI_View_Covidet...')
#3 D:\laragon\www\PT_Covidetecteur\system\CodeIgniter.php(918): App\Controllers\CI_MainMenu->index()
#4 D:\laragon\www\PT_Covidetecteur\system\CodeIgniter.php(404): CodeIgniter\CodeIgniter->runController(Object(App\Controllers\CI_MainMenu))
#5 D:\laragon\www\PT_Covidetecteur\system\CodeIgniter.php(312): CodeIgniter\CodeIgniter->handleRequest(NULL, Object(Config\Cache), false)
#6 D:\laragon\www\PT_Covidetecteur\public\index.php(45): CodeIgniter\CodeIgniter->run()
#7 {main}
CRITICAL - 2021-01-18 14:10:40 --> Call to undefined function img()
#0 D:\laragon\www\PT_Covidetecteur\system\View\View.php(246): include()
#1 D:\laragon\www\PT_Covidetecteur\system\Common.php(1119): CodeIgniter\View\View->render('CI_View_Covidet...', Array, true)
#2 D:\laragon\www\PT_Covidetecteur\app\Controllers\CI_MainMenu.php(11): view('CI_View_Covidet...')
#3 D:\laragon\www\PT_Covidetecteur\system\CodeIgniter.php(918): App\Controllers\CI_MainMenu->index()
#4 D:\laragon\www\PT_Covidetecteur\system\CodeIgniter.php(404): CodeIgniter\CodeIgniter->runController(Object(App\Controllers\CI_MainMenu))
#5 D:\laragon\www\PT_Covidetecteur\system\CodeIgniter.php(312): CodeIgniter\CodeIgniter->handleRequest(NULL, Object(Config\Cache), false)
#6 D:\laragon\www\PT_Covidetecteur\public\index.php(45): CodeIgniter\CodeIgniter->run()
#7 {main}
CRITICAL - 2021-01-18 14:10:40 --> Call to undefined function img()
#0 D:\laragon\www\PT_Covidetecteur\system\View\View.php(246): include()
#1 D:\laragon\www\PT_Covidetecteur\system\Common.php(1119): CodeIgniter\View\View->render('CI_View_Covidet...', Array, true)
#2 D:\laragon\www\PT_Covidetecteur\app\Controllers\CI_MainMenu.php(11): view('CI_View_Covidet...')
#3 D:\laragon\www\PT_Covidetecteur\system\CodeIgniter.php(918): App\Controllers\CI_MainMenu->index()
#4 D:\laragon\www\PT_Covidetecteur\system\CodeIgniter.php(404): CodeIgniter\CodeIgniter->runController(Object(App\Controllers\CI_MainMenu))
#5 D:\laragon\www\PT_Covidetecteur\system\CodeIgniter.php(312): CodeIgniter\CodeIgniter->handleRequest(NULL, Object(Config\Cache), false)
#6 D:\laragon\www\PT_Covidetecteur\public\index.php(45): CodeIgniter\CodeIgniter->run()
#7 {main}
CRITICAL - 2021-01-18 14:10:41 --> Call to undefined function img()
#0 D:\laragon\www\PT_Covidetecteur\system\View\View.php(246): include()
#1 D:\laragon\www\PT_Covidetecteur\system\Common.php(1119): CodeIgniter\View\View->render('CI_View_Covidet...', Array, true)
#2 D:\laragon\www\PT_Covidetecteur\app\Controllers\CI_MainMenu.php(11): view('CI_View_Covidet...')
#3 D:\laragon\www\PT_Covidetecteur\system\CodeIgniter.php(918): App\Controllers\CI_MainMenu->index()
#4 D:\laragon\www\PT_Covidetecteur\system\CodeIgniter.php(404): CodeIgniter\CodeIgniter->runController(Object(App\Controllers\CI_MainMenu))
#5 D:\laragon\www\PT_Covidetecteur\system\CodeIgniter.php(312): CodeIgniter\CodeIgniter->handleRequest(NULL, Object(Config\Cache), false)
#6 D:\laragon\www\PT_Covidetecteur\public\index.php(45): CodeIgniter\CodeIgniter->run()
#7 {main}
CRITICAL - 2021-01-18 14:12:19 --> Call to undefined function img()
#0 D:\laragon\www\PT_Covidetecteur\system\View\View.php(246): include()
#1 D:\laragon\www\PT_Covidetecteur\system\Common.php(1119): CodeIgniter\View\View->render('CI_View_Covidet...', Array, true)
#2 D:\laragon\www\PT_Covidetecteur\app\Controllers\CI_MainMenu.php(11): view('CI_View_Covidet...')
#3 D:\laragon\www\PT_Covidetecteur\system\CodeIgniter.php(918): App\Controllers\CI_MainMenu->index()
#4 D:\laragon\www\PT_Covidetecteur\system\CodeIgniter.php(404): CodeIgniter\CodeIgniter->runController(Object(App\Controllers\CI_MainMenu))
#5 D:\laragon\www\PT_Covidetecteur\system\CodeIgniter.php(312): CodeIgniter\CodeIgniter->handleRequest(NULL, Object(Config\Cache), false)
#6 D:\laragon\www\PT_Covidetecteur\public\index.php(45): CodeIgniter\CodeIgniter->run()
#7 {main}
CRITICAL - 2021-01-18 14:12:20 --> Call to undefined function img()
#0 D:\laragon\www\PT_Covidetecteur\system\View\View.php(246): include()
#1 D:\laragon\www\PT_Covidetecteur\system\Common.php(1119): CodeIgniter\View\View->render('CI_View_Covidet...', Array, true)
#2 D:\laragon\www\PT_Covidetecteur\app\Controllers\CI_MainMenu.php(11): view('CI_View_Covidet...')
#3 D:\laragon\www\PT_Covidetecteur\system\CodeIgniter.php(918): App\Controllers\CI_MainMenu->index()
#4 D:\laragon\www\PT_Covidetecteur\system\CodeIgniter.php(404): CodeIgniter\CodeIgniter->runController(Object(App\Controllers\CI_MainMenu))
#5 D:\laragon\www\PT_Covidetecteur\system\CodeIgniter.php(312): CodeIgniter\CodeIgniter->handleRequest(NULL, Object(Config\Cache), false)
#6 D:\laragon\www\PT_Covidetecteur\public\index.php(45): CodeIgniter\CodeIgniter->run()
#7 {main}
CRITICAL - 2021-01-18 14:12:21 --> Call to undefined function img()
#0 D:\laragon\www\PT_Covidetecteur\system\View\View.php(246): include()
#1 D:\laragon\www\PT_Covidetecteur\system\Common.php(1119): CodeIgniter\View\View->render('CI_View_Covidet...', Array, true)
#2 D:\laragon\www\PT_Covidetecteur\app\Controllers\CI_MainMenu.php(11): view('CI_View_Covidet...')
#3 D:\laragon\www\PT_Covidetecteur\system\CodeIgniter.php(918): App\Controllers\CI_MainMenu->index()
#4 D:\laragon\www\PT_Covidetecteur\system\CodeIgniter.php(404): CodeIgniter\CodeIgniter->runController(Object(App\Controllers\CI_MainMenu))
#5 D:\laragon\www\PT_Covidetecteur\system\CodeIgniter.php(312): CodeIgniter\CodeIgniter->handleRequest(NULL, Object(Config\Cache), false)
#6 D:\laragon\www\PT_Covidetecteur\public\index.php(45): CodeIgniter\CodeIgniter->run()
#7 {main}
CRITICAL - 2021-01-18 14:13:27 --> syntax error, unexpected ')', expecting ',' or ';'
#0 D:\laragon\www\PT_Covidetecteur\system\Common.php(1119): CodeIgniter\View\View->render('CI_View_Covidet...', Array, true)
#1 D:\laragon\www\PT_Covidetecteur\app\Controllers\CI_MainMenu.php(11): view('CI_View_Covidet...')
#2 D:\laragon\www\PT_Covidetecteur\system\CodeIgniter.php(918): App\Controllers\CI_MainMenu->index()
#3 D:\laragon\www\PT_Covidetecteur\system\CodeIgniter.php(404): CodeIgniter\CodeIgniter->runController(Object(App\Controllers\CI_MainMenu))
#4 D:\laragon\www\PT_Covidetecteur\system\CodeIgniter.php(312): CodeIgniter\CodeIgniter->handleRequest(NULL, Object(Config\Cache), false)
#5 D:\laragon\www\PT_Covidetecteur\public\index.php(45): CodeIgniter\CodeIgniter->run()
#6 {main}
CRITICAL - 2021-01-18 14:13:28 --> syntax error, unexpected ')', expecting ',' or ';'
#0 D:\laragon\www\PT_Covidetecteur\system\Common.php(1119): CodeIgniter\View\View->render('CI_View_Covidet...', Array, true)
#1 D:\laragon\www\PT_Covidetecteur\app\Controllers\CI_MainMenu.php(11): view('CI_View_Covidet...')
#2 D:\laragon\www\PT_Covidetecteur\system\CodeIgniter.php(918): App\Controllers\CI_MainMenu->index()
#3 D:\laragon\www\PT_Covidetecteur\system\CodeIgniter.php(404): CodeIgniter\CodeIgniter->runController(Object(App\Controllers\CI_MainMenu))
#4 D:\laragon\www\PT_Covidetecteur\system\CodeIgniter.php(312): CodeIgniter\CodeIgniter->handleRequest(NULL, Object(Config\Cache), false)
#5 D:\laragon\www\PT_Covidetecteur\public\index.php(45): CodeIgniter\CodeIgniter->run()
#6 {main}
CRITICAL - 2021-01-18 14:13:32 --> syntax error, unexpected ')', expecting ',' or ';'
#0 D:\laragon\www\PT_Covidetecteur\system\Common.php(1119): CodeIgniter\View\View->render('CI_View_Covidet...', Array, true)
#1 D:\laragon\www\PT_Covidetecteur\app\Controllers\CI_MainMenu.php(11): view('CI_View_Covidet...')
#2 D:\laragon\www\PT_Covidetecteur\system\CodeIgniter.php(918): App\Controllers\CI_MainMenu->index()
#3 D:\laragon\www\PT_Covidetecteur\system\CodeIgniter.php(404): CodeIgniter\CodeIgniter->runController(Object(App\Controllers\CI_MainMenu))
#4 D:\laragon\www\PT_Covidetecteur\system\CodeIgniter.php(312): CodeIgniter\CodeIgniter->handleRequest(NULL, Object(Config\Cache), false)
#5 D:\laragon\www\PT_Covidetecteur\public\index.php(45): CodeIgniter\CodeIgniter->run()
#6 {main}
CRITICAL - 2021-01-18 14:13:33 --> syntax error, unexpected ')', expecting ',' or ';'
#0 D:\laragon\www\PT_Covidetecteur\system\Common.php(1119): CodeIgniter\View\View->render('CI_View_Covidet...', Array, true)
#1 D:\laragon\www\PT_Covidetecteur\app\Controllers\CI_MainMenu.php(11): view('CI_View_Covidet...')
#2 D:\laragon\www\PT_Covidetecteur\system\CodeIgniter.php(918): App\Controllers\CI_MainMenu->index()
#3 D:\laragon\www\PT_Covidetecteur\system\CodeIgniter.php(404): CodeIgniter\CodeIgniter->runController(Object(App\Controllers\CI_MainMenu))
#4 D:\laragon\www\PT_Covidetecteur\system\CodeIgniter.php(312): CodeIgniter\CodeIgniter->handleRequest(NULL, Object(Config\Cache), false)
#5 D:\laragon\www\PT_Covidetecteur\public\index.php(45): CodeIgniter\CodeIgniter->run()
#6 {main}
CRITICAL - 2021-01-18 16:10:49 --> 
#0 D:\laragon\www\PT_Covidetecteur\system\HTTP\RedirectResponse.php(92): CodeIgniter\HTTP\Exceptions\HTTPException::forInvalidRedirectRoute('')
#1 D:\laragon\www\PT_Covidetecteur\system\Common.php(845): CodeIgniter\HTTP\RedirectResponse->route(false)
#2 D:\laragon\www\PT_Covidetecteur\app\Controllers\Menu.php(11): redirect('Connection')
#3 D:\laragon\www\PT_Covidetecteur\system\CodeIgniter.php(918): App\Controllers\Menu->index()
#4 D:\laragon\www\PT_Covidetecteur\system\CodeIgniter.php(404): CodeIgniter\CodeIgniter->runController(Object(App\Controllers\Menu))
#5 D:\laragon\www\PT_Covidetecteur\system\CodeIgniter.php(312): CodeIgniter\CodeIgniter->handleRequest(NULL, Object(Config\Cache), false)
#6 D:\laragon\www\PT_Covidetecteur\public\index.php(45): CodeIgniter\CodeIgniter->run()
#7 {main}
CRITICAL - 2021-01-18 16:10:50 --> 
#0 D:\laragon\www\PT_Covidetecteur\system\HTTP\RedirectResponse.php(92): CodeIgniter\HTTP\Exceptions\HTTPException::forInvalidRedirectRoute('')
#1 D:\laragon\www\PT_Covidetecteur\system\Common.php(845): CodeIgniter\HTTP\RedirectResponse->route(false)
#2 D:\laragon\www\PT_Covidetecteur\app\Controllers\Menu.php(11): redirect('Connection')
#3 D:\laragon\www\PT_Covidetecteur\system\CodeIgniter.php(918): App\Controllers\Menu->index()
#4 D:\laragon\www\PT_Covidetecteur\system\CodeIgniter.php(404): CodeIgniter\CodeIgniter->runController(Object(App\Controllers\Menu))
#5 D:\laragon\www\PT_Covidetecteur\system\CodeIgniter.php(312): CodeIgniter\CodeIgniter->handleRequest(NULL, Object(Config\Cache), false)
#6 D:\laragon\www\PT_Covidetecteur\public\index.php(45): CodeIgniter\CodeIgniter->run()
#7 {main}
CRITICAL - 2021-01-18 16:10:52 --> 
#0 D:\laragon\www\PT_Covidetecteur\system\HTTP\RedirectResponse.php(92): CodeIgniter\HTTP\Exceptions\HTTPException::forInvalidRedirectRoute('')
#1 D:\laragon\www\PT_Covidetecteur\system\Common.php(845): CodeIgniter\HTTP\RedirectResponse->route(false)
#2 D:\laragon\www\PT_Covidetecteur\app\Controllers\Menu.php(11): redirect('Connection')
#3 D:\laragon\www\PT_Covidetecteur\system\CodeIgniter.php(918): App\Controllers\Menu->index()
#4 D:\laragon\www\PT_Covidetecteur\system\CodeIgniter.php(404): CodeIgniter\CodeIgniter->runController(Object(App\Controllers\Menu))
#5 D:\laragon\www\PT_Covidetecteur\system\CodeIgniter.php(312): CodeIgniter\CodeIgniter->handleRequest(NULL, Object(Config\Cache), false)
#6 D:\laragon\www\PT_Covidetecteur\public\index.php(45): CodeIgniter\CodeIgniter->run()
#7 {main}
CRITICAL - 2021-01-18 16:10:54 --> 
#0 D:\laragon\www\PT_Covidetecteur\system\HTTP\RedirectResponse.php(92): CodeIgniter\HTTP\Exceptions\HTTPException::forInvalidRedirectRoute('')
#1 D:\laragon\www\PT_Covidetecteur\system\Common.php(845): CodeIgniter\HTTP\RedirectResponse->route(false)
#2 D:\laragon\www\PT_Covidetecteur\app\Controllers\Menu.php(11): redirect('Connection')
#3 D:\laragon\www\PT_Covidetecteur\system\CodeIgniter.php(918): App\Controllers\Menu->index()
#4 D:\laragon\www\PT_Covidetecteur\system\CodeIgniter.php(404): CodeIgniter\CodeIgniter->runController(Object(App\Controllers\Menu))
#5 D:\laragon\www\PT_Covidetecteur\system\CodeIgniter.php(312): CodeIgniter\CodeIgniter->handleRequest(NULL, Object(Config\Cache), false)
#6 D:\laragon\www\PT_Covidetecteur\public\index.php(45): CodeIgniter\CodeIgniter->run()
#7 {main}
CRITICAL - 2021-01-18 16:11:28 --> Call to undefined method App\Controllers\Connection::helpers()
#0 D:\laragon\www\PT_Covidetecteur\system\CodeIgniter.php(890): App\Controllers\Connection->__construct()
#1 D:\laragon\www\PT_Covidetecteur\system\CodeIgniter.php(399): CodeIgniter\CodeIgniter->createController()
#2 D:\laragon\www\PT_Covidetecteur\system\CodeIgniter.php(312): CodeIgniter\CodeIgniter->handleRequest(NULL, Object(Config\Cache), false)
#3 D:\laragon\www\PT_Covidetecteur\public\index.php(45): CodeIgniter\CodeIgniter->run()
#4 {main}
CRITICAL - 2021-01-18 16:11:30 --> Call to undefined method App\Controllers\Connection::helpers()
#0 D:\laragon\www\PT_Covidetecteur\system\CodeIgniter.php(890): App\Controllers\Connection->__construct()
#1 D:\laragon\www\PT_Covidetecteur\system\CodeIgniter.php(399): CodeIgniter\CodeIgniter->createController()
#2 D:\laragon\www\PT_Covidetecteur\system\CodeIgniter.php(312): CodeIgniter\CodeIgniter->handleRequest(NULL, Object(Config\Cache), false)
#3 D:\laragon\www\PT_Covidetecteur\public\index.php(45): CodeIgniter\CodeIgniter->run()
#4 {main}
CRITICAL - 2021-01-18 16:11:31 --> Call to undefined method App\Controllers\Connection::helpers()
#0 D:\laragon\www\PT_Covidetecteur\system\CodeIgniter.php(890): App\Controllers\Connection->__construct()
#1 D:\laragon\www\PT_Covidetecteur\system\CodeIgniter.php(399): CodeIgniter\CodeIgniter->createController()
#2 D:\laragon\www\PT_Covidetecteur\system\CodeIgniter.php(312): CodeIgniter\CodeIgniter->handleRequest(NULL, Object(Config\Cache), false)
#3 D:\laragon\www\PT_Covidetecteur\public\index.php(45): CodeIgniter\CodeIgniter->run()
#4 {main}
CRITICAL - 2021-01-18 16:11:31 --> Call to undefined method App\Controllers\Connection::helpers()
#0 D:\laragon\www\PT_Covidetecteur\system\CodeIgniter.php(890): App\Controllers\Connection->__construct()
#1 D:\laragon\www\PT_Covidetecteur\system\CodeIgniter.php(399): CodeIgniter\CodeIgniter->createController()
#2 D:\laragon\www\PT_Covidetecteur\system\CodeIgniter.php(312): CodeIgniter\CodeIgniter->handleRequest(NULL, Object(Config\Cache), false)
#3 D:\laragon\www\PT_Covidetecteur\public\index.php(45): CodeIgniter\CodeIgniter->run()
#4 {main}
CRITICAL - 2021-01-18 16:11:40 --> Call to undefined method App\Controllers\Connection::helpers()
#0 D:\laragon\www\PT_Covidetecteur\system\CodeIgniter.php(890): App\Controllers\Connection->__construct()
#1 D:\laragon\www\PT_Covidetecteur\system\CodeIgniter.php(399): CodeIgniter\CodeIgniter->createController()
#2 D:\laragon\www\PT_Covidetecteur\system\CodeIgniter.php(312): CodeIgniter\CodeIgniter->handleRequest(NULL, Object(Config\Cache), false)
#3 D:\laragon\www\PT_Covidetecteur\public\index.php(45): CodeIgniter\CodeIgniter->run()
#4 {main}
CRITICAL - 2021-01-18 16:11:40 --> Call to undefined method App\Controllers\Connection::helpers()
#0 D:\laragon\www\PT_Covidetecteur\system\CodeIgniter.php(890): App\Controllers\Connection->__construct()
#1 D:\laragon\www\PT_Covidetecteur\system\CodeIgniter.php(399): CodeIgniter\CodeIgniter->createController()
#2 D:\laragon\www\PT_Covidetecteur\system\CodeIgniter.php(312): CodeIgniter\CodeIgniter->handleRequest(NULL, Object(Config\Cache), false)
#3 D:\laragon\www\PT_Covidetecteur\public\index.php(45): CodeIgniter\CodeIgniter->run()
#4 {main}
CRITICAL - 2021-01-18 16:11:44 --> Call to undefined method App\Controllers\Connection::helpers()
#0 D:\laragon\www\PT_Covidetecteur\system\CodeIgniter.php(890): App\Controllers\Connection->__construct()
#1 D:\laragon\www\PT_Covidetecteur\system\CodeIgniter.php(399): CodeIgniter\CodeIgniter->createController()
#2 D:\laragon\www\PT_Covidetecteur\system\CodeIgniter.php(312): CodeIgniter\CodeIgniter->handleRequest(NULL, Object(Config\Cache), false)
#3 D:\laragon\www\PT_Covidetecteur\public\index.php(45): CodeIgniter\CodeIgniter->run()
#4 {main}
CRITICAL - 2021-01-18 16:11:54 --> Call to undefined method App\Controllers\Connection::helpers()
#0 D:\laragon\www\PT_Covidetecteur\system\CodeIgniter.php(890): App\Controllers\Connection->__construct()
#1 D:\laragon\www\PT_Covidetecteur\system\CodeIgniter.php(399): CodeIgniter\CodeIgniter->createController()
#2 D:\laragon\www\PT_Covidetecteur\system\CodeIgniter.php(312): CodeIgniter\CodeIgniter->handleRequest(NULL, Object(Config\Cache), false)
#3 D:\laragon\www\PT_Covidetecteur\public\index.php(45): CodeIgniter\CodeIgniter->run()
#4 {main}
CRITICAL - 2021-01-18 16:11:55 --> Call to undefined method App\Controllers\Connection::helpers()
#0 D:\laragon\www\PT_Covidetecteur\system\CodeIgniter.php(890): App\Controllers\Connection->__construct()
#1 D:\laragon\www\PT_Covidetecteur\system\CodeIgniter.php(399): CodeIgniter\CodeIgniter->createController()
#2 D:\laragon\www\PT_Covidetecteur\system\CodeIgniter.php(312): CodeIgniter\CodeIgniter->handleRequest(NULL, Object(Config\Cache), false)
#3 D:\laragon\www\PT_Covidetecteur\public\index.php(45): CodeIgniter\CodeIgniter->run()
#4 {main}
CRITICAL - 2021-01-18 16:11:55 --> Call to undefined method App\Controllers\Connection::helpers()
#0 D:\laragon\www\PT_Covidetecteur\system\CodeIgniter.php(890): App\Controllers\Connection->__construct()
#1 D:\laragon\www\PT_Covidetecteur\system\CodeIgniter.php(399): CodeIgniter\CodeIgniter->createController()
#2 D:\laragon\www\PT_Covidetecteur\system\CodeIgniter.php(312): CodeIgniter\CodeIgniter->handleRequest(NULL, Object(Config\Cache), false)
#3 D:\laragon\www\PT_Covidetecteur\public\index.php(45): CodeIgniter\CodeIgniter->run()
#4 {main}
CRITICAL - 2021-01-18 16:13:04 --> Call to undefined method App\Controllers\Connection::helpers()
#0 D:\laragon\www\PT_Covidetecteur\system\CodeIgniter.php(890): App\Controllers\Connection->__construct()
#1 D:\laragon\www\PT_Covidetecteur\system\CodeIgniter.php(399): CodeIgniter\CodeIgniter->createController()
#2 D:\laragon\www\PT_Covidetecteur\system\CodeIgniter.php(312): CodeIgniter\CodeIgniter->handleRequest(NULL, Object(Config\Cache), false)
#3 D:\laragon\www\PT_Covidetecteur\public\index.php(45): CodeIgniter\CodeIgniter->run()
#4 {main}
CRITICAL - 2021-01-18 16:13:34 --> Call to undefined function App\Controllers\helpers()
#0 D:\laragon\www\PT_Covidetecteur\system\CodeIgniter.php(890): App\Controllers\Connection->__construct()
#1 D:\laragon\www\PT_Covidetecteur\system\CodeIgniter.php(399): CodeIgniter\CodeIgniter->createController()
#2 D:\laragon\www\PT_Covidetecteur\system\CodeIgniter.php(312): CodeIgniter\CodeIgniter->handleRequest(NULL, Object(Config\Cache), false)
#3 D:\laragon\www\PT_Covidetecteur\public\index.php(45): CodeIgniter\CodeIgniter->run()
#4 {main}
CRITICAL - 2021-01-18 16:13:35 --> Call to undefined function App\Controllers\helpers()
#0 D:\laragon\www\PT_Covidetecteur\system\CodeIgniter.php(890): App\Controllers\Connection->__construct()
#1 D:\laragon\www\PT_Covidetecteur\system\CodeIgniter.php(399): CodeIgniter\CodeIgniter->createController()
#2 D:\laragon\www\PT_Covidetecteur\system\CodeIgniter.php(312): CodeIgniter\CodeIgniter->handleRequest(NULL, Object(Config\Cache), false)
#3 D:\laragon\www\PT_Covidetecteur\public\index.php(45): CodeIgniter\CodeIgniter->run()
#4 {main}
